<?xml version="1.0" encoding="UTF-8"?>
<testsuite xmlns:xsi="http://www.w3.org/2001/XMLSchema-instance" xsi:schemaLocation="https://maven.apache.org/surefire/maven-surefire-plugin/xsd/surefire-test-report.xsd" name="sv.gob.bfa.conectores.servicios.aes.tests.ConectoresServiciosAESRutaTest" time="100.828" tests="1" errors="1" skipped="0" failures="0">
  <properties>
[...]
</properties>
  <testcase name="testPagoMqRoute" classname="sv.gob.bfa.conectores.servicios.aes.tests.ConectoresServiciosAESRutaTest" time="100.826">
    <error type="java.lang.NullPointerException">java.lang.NullPointerException
	at sv.gob.bfa.conectores.servicios.aes.tests.ConectoresServiciosAESRutaTest.testPagoMqRoute(ConectoresServiciosAESRutaTest.java:224)
</error>
    <system-out><![CDATA[11:37:03.860 [main] INFO sv.gob.bfa.conectores.servicios.aes.tests.ConectoresServiciosAESRutaTest - ********************************************************************************
11:37:03.860 [main] INFO sv.gob.bfa.conectores.servicios.aes.tests.ConectoresServiciosAESRutaTest - Testing: testPagoMqRoute(sv.gob.bfa.conectores.servicios.aes.tests.ConectoresServiciosAESRutaTest)
11:37:03.862 [main] INFO sv.gob.bfa.conectores.servicios.aes.tests.ConectoresServiciosAESRutaTest - ********************************************************************************
11:37:03.862 [main] DEBUG sv.gob.bfa.conectores.servicios.aes.tests.ConectoresServiciosAESRutaTest - setUp test
11:37:03.909 [main] DEBUG org.apache.camel.impl.SharedProducerServicePool - Starting service pool: org.apache.camel.impl.SharedProducerServicePool@20140db9
11:37:03.912 [main] DEBUG org.apache.camel.impl.DefaultCamelContext - Using ComponentResolver: org.apache.camel.impl.DefaultComponentResolver@1a6d8329 to resolve component with name: properties
11:37:03.912 [main] DEBUG org.apache.camel.util.ResolverHelper - Lookup Component with name properties in registry. Found: null
11:37:03.915 [main] DEBUG org.apache.camel.util.ResolverHelper - Lookup Component with name properties-component in registry. Found: null
11:37:03.917 [main] DEBUG org.apache.camel.impl.DefaultComponentResolver - Found component: properties via type: org.apache.camel.component.properties.PropertiesComponent via: META-INF/services/org/apache/camel/component/properties
11:37:03.921 [main] DEBUG sv.gob.bfa.conectores.servicios.aes.tests.ConectoresServiciosAESRutaTest - Using created route builder: Routes: []
11:37:03.921 [main] DEBUG org.apache.camel.impl.DefaultCamelContext - Adding routes from builder: Routes: []
11:37:03.924 [main] INFO sv.gob.bfa.conectores.servicios.aes.tests.ConectoresServiciosAESRutaTest - Skipping starting CamelContext as isUseAdviceWith is set to true.
11:37:03.924 [main] DEBUG sv.gob.bfa.conectores.servicios.aes.tests.ConectoresServiciosAESRutaTest - Routing Rules are: []
11:37:03.928 [main] INFO org.apache.camel.impl.DefaultCamelContext - Apache Camel 2.23.2.fuse-760030-redhat-00001 (CamelContext: camel-2) is starting
11:37:03.928 [main] DEBUG org.apache.camel.impl.DefaultCamelContext - Using ClassResolver=org.apache.camel.impl.DefaultClassResolver@63376bed, PackageScanClassResolver=org.apache.camel.impl.DefaultPackageScanClassResolver@4145bad8, ApplicationContextClassLoader=null, RouteController=org.apache.camel.impl.DefaultRouteController@d86a6f
11:37:03.928 [main] INFO org.apache.camel.management.DefaultManagementStrategy - JMX is disabled
11:37:03.932 [main] DEBUG org.apache.camel.impl.converter.AnnotationTypeConverterLoader - Found 3 packages with 19 @Converter classes to load
11:37:03.938 [main] DEBUG org.apache.camel.impl.converter.AnnotationTypeConverterLoader - Loading file META-INF/services/org/apache/camel/TypeConverter to retrieve list of packages, from url: jar:file:/home/cristopher/.m2/repository/org/apache/camel/camel-jackson/2.23.2.fuse-760030-redhat-00001/camel-jackson-2.23.2.fuse-760030-redhat-00001.jar!/META-INF/services/org/apache/camel/TypeConverter
11:37:03.941 [main] DEBUG org.apache.camel.impl.converter.AnnotationTypeConverterLoader - Loading file META-INF/services/org/apache/camel/TypeConverter to retrieve list of packages, from url: jar:file:/home/cristopher/.m2/repository/org/apache/camel/camel-core/2.23.2.fuse-760030-redhat-00001/camel-core-2.23.2.fuse-760030-redhat-00001.jar!/META-INF/services/org/apache/camel/TypeConverter
11:37:03.943 [main] DEBUG org.apache.camel.impl.converter.AnnotationTypeConverterLoader - Loading file META-INF/services/org/apache/camel/TypeConverter to retrieve list of packages, from url: jar:file:/home/cristopher/.m2/repository/org/apache/camel/camel-cxf/2.23.2.fuse-760030-redhat-00001/camel-cxf-2.23.2.fuse-760030-redhat-00001.jar!/META-INF/services/org/apache/camel/TypeConverter
11:37:03.945 [main] DEBUG org.apache.camel.impl.converter.AnnotationTypeConverterLoader - Loading file META-INF/services/org/apache/camel/TypeConverter to retrieve list of packages, from url: jar:file:/home/cristopher/.m2/repository/org/apache/camel/camel-spring/2.23.2.fuse-760030-redhat-00001/camel-spring-2.23.2.fuse-760030-redhat-00001.jar!/META-INF/services/org/apache/camel/TypeConverter
11:37:03.948 [main] DEBUG org.apache.camel.impl.converter.AnnotationTypeConverterLoader - Loading file META-INF/services/org/apache/camel/TypeConverter to retrieve list of packages, from url: jar:file:/home/cristopher/.m2/repository/org/apache/camel/camel-http-common/2.23.2.fuse-760030-redhat-00001/camel-http-common-2.23.2.fuse-760030-redhat-00001.jar!/META-INF/services/org/apache/camel/TypeConverter
11:37:03.950 [main] DEBUG org.apache.camel.impl.converter.AnnotationTypeConverterLoader - Loading file META-INF/services/org/apache/camel/TypeConverter to retrieve list of packages, from url: jar:file:/home/cristopher/.m2/repository/org/apache/camel/camel-netty4/2.23.2.fuse-760030-redhat-00001/camel-netty4-2.23.2.fuse-760030-redhat-00001.jar!/META-INF/services/org/apache/camel/TypeConverter
11:37:03.952 [main] DEBUG org.apache.camel.impl.converter.AnnotationTypeConverterLoader - Loading file META-INF/services/org/apache/camel/TypeConverter to retrieve list of packages, from url: jar:file:/home/cristopher/.m2/repository/org/apache/camel/camel-http4/2.23.2.fuse-760030-redhat-00001/camel-http4-2.23.2.fuse-760030-redhat-00001.jar!/META-INF/services/org/apache/camel/TypeConverter
11:37:03.954 [main] DEBUG org.apache.camel.impl.converter.AnnotationTypeConverterLoader - Loading file META-INF/services/org/apache/camel/TypeConverter to retrieve list of packages, from url: jar:file:/home/cristopher/.m2/repository/org/apache/activemq/activemq-camel/5.11.0.redhat-630434/activemq-camel-5.11.0.redhat-630434.jar!/META-INF/services/org/apache/camel/TypeConverter
11:37:03.958 [main] DEBUG org.apache.camel.impl.converter.AnnotationTypeConverterLoader - Loaded 10 @Converter classes
11:37:03.961 [main] INFO org.apache.camel.impl.converter.DefaultTypeConverter - Type converters loaded (core: 195, classpath: 40)
11:37:03.962 [main] DEBUG org.apache.camel.util.ResolverHelper - Lookup Language with name simple in registry. Found: null
11:37:03.969 [main] DEBUG org.apache.camel.util.ResolverHelper - Lookup Language with name simple-language in registry. Found: null
11:37:03.970 [main] DEBUG org.apache.camel.language.simple.SimpleLanguage - Simple language predicate/expression cache size: 1000
11:37:03.970 [main] DEBUG org.apache.camel.impl.SharedPollingConsumerServicePool - Starting service pool: org.apache.camel.impl.SharedPollingConsumerServicePool@6d4d66d2
11:37:03.971 [main] DEBUG org.apache.camel.impl.DefaultCamelContext - Using ComponentResolver: org.apache.camel.impl.DefaultComponentResolver@1a6d8329 to resolve component with name: direct
11:37:03.972 [main] DEBUG org.apache.camel.util.ResolverHelper - Lookup Component with name direct in registry. Found: null
11:37:03.972 [main] DEBUG org.apache.camel.util.ResolverHelper - Lookup Component with name direct-component in registry. Found: null
11:37:03.973 [main] DEBUG org.apache.camel.impl.DefaultComponentResolver - Found component: direct via type: org.apache.camel.component.direct.DirectComponent via: META-INF/services/org/apache/camel/component/direct
11:37:03.974 [main] DEBUG org.apache.camel.impl.DefaultComponent - Resolving property placeholders on component: org.apache.camel.component.direct.DirectComponent@6892b3b6
11:37:03.975 [main] DEBUG org.apache.camel.impl.DefaultComponent - Creating endpoint uri=[direct://conectores.servicios.aes], path=[conectores.servicios.aes]
11:37:03.976 [main] DEBUG org.apache.camel.impl.DefaultCamelContext - direct://conectores.servicios.aes converted to endpoint: direct://conectores.servicios.aes by component: org.apache.camel.component.direct.DirectComponent@6892b3b6
11:37:03.980 [main] DEBUG org.apache.camel.model.LogDefinition - LogName is not configured, using route id as logName: conectores.servicios.aes.direct
11:37:03.980 [main] DEBUG org.apache.camel.processor.interceptor.DefaultChannel - Initialize channel for target: 'Log[Ocurrio un error: ${exception.message}]'
11:37:03.987 [main] DEBUG org.apache.camel.model.LogDefinition - LogName is not configured, using route id as logName: conectores.servicios.aes.direct
11:37:03.988 [main] DEBUG org.apache.camel.processor.interceptor.DefaultChannel - Initialize channel for target: 'Log[INICIANDO SERVICIO CONECTOR AES...///]'
11:37:03.998 [main] DEBUG org.apache.camel.processor.interceptor.DefaultChannel - Initialize channel for target: 'SetProperty[originalRequest, simple{${body}}]'
11:37:04.000 [main] DEBUG org.apache.camel.model.LogDefinition - LogName is not configured, using route id as logName: conectores.servicios.aes.direct
11:37:04.000 [main] DEBUG org.apache.camel.processor.interceptor.DefaultChannel - Initialize channel for target: 'Log[funciona]'
11:37:04.003 [main] DEBUG org.apache.camel.component.properties.DefaultPropertiesParser - Found property: config.host with value: localhost to be used.
11:37:04.005 [main] DEBUG org.apache.camel.impl.DefaultCamelContext - Resolved text: {{config.host}} -> localhost
11:37:04.006 [main] DEBUG org.apache.camel.model.ProcessorDefinitionHelper - Changed property [expression] from: {{config.host}} to: localhost
11:37:04.008 [main] DEBUG org.apache.camel.processor.interceptor.DefaultChannel - Initialize channel for target: 'SetProperty[hostProperty, simple{Simple: {{config.host}}}]'
11:37:04.010 [main] DEBUG org.apache.camel.component.properties.DefaultPropertiesParser - Found property: config.port with value: 11000 to be used.
11:37:04.010 [main] DEBUG org.apache.camel.impl.DefaultCamelContext - Resolved text: {{config.port}} -> 11000
11:37:04.011 [main] DEBUG org.apache.camel.model.ProcessorDefinitionHelper - Changed property [expression] from: {{config.port}} to: 11000
11:37:04.012 [main] DEBUG org.apache.camel.processor.interceptor.DefaultChannel - Initialize channel for target: 'SetProperty[portProperty, simple{Simple: {{config.port}}}]'
11:37:04.014 [main] DEBUG org.apache.camel.component.properties.DefaultPropertiesParser - Found property: activemq.requestTimeout with value: 20s to be used.
11:37:04.014 [main] DEBUG org.apache.camel.impl.DefaultCamelContext - Resolved text: {{activemq.requestTimeout}} -> 20s
11:37:04.016 [main] DEBUG org.apache.camel.model.ProcessorDefinitionHelper - Changed property [expression] from: {{activemq.requestTimeout}} to: 20s
11:37:04.018 [main] DEBUG org.apache.camel.processor.interceptor.DefaultChannel - Initialize channel for target: 'SetProperty[requestTimeoutProperty, simple{Simple: {{activemq.requestTimeout}}}]'
11:37:04.020 [main] DEBUG org.apache.camel.model.LogDefinition - LogName is not configured, using route id as logName: conectores.servicios.aes.direct
11:37:04.020 [main] DEBUG org.apache.camel.processor.interceptor.DefaultChannel - Initialize channel for target: 'Log[CREANDO PETICION WS...///]'
11:37:04.024 [main] DEBUG org.apache.camel.processor.interceptor.DefaultChannel - Initialize channel for target: 'process[Processor@0x53fb3dab]'
11:37:04.029 [main] DEBUG org.apache.camel.impl.DefaultComponent - Creating endpoint uri=[activemq://conectores.servicios.aes], path=[conectores.servicios.aes]
11:37:04.033 [main] DEBUG org.apache.camel.impl.DefaultCamelContext - activemq://conectores.servicios.aes converted to endpoint: activemq://conectores.servicios.aes by component: org.apache.activemq.camel.component.ActiveMQComponent@18271936
11:37:04.035 [main] DEBUG org.apache.camel.model.LogDefinition - LogName is not configured, using route id as logName: conectores.servicios.aes.activemq
11:37:04.035 [main] DEBUG org.apache.camel.processor.interceptor.DefaultChannel - Initialize channel for target: 'Log[Ocurrio un error: ${exception.message}]'
11:37:04.037 [main] DEBUG org.apache.camel.model.LogDefinition - LogName is not configured, using route id as logName: conectores.servicios.aes.activemq
11:37:04.038 [main] DEBUG org.apache.camel.processor.interceptor.DefaultChannel - Initialize channel for target: 'Log[INICIANDO LA CONECCION CON EL AMQ...///]'
11:37:04.042 [main] DEBUG org.apache.camel.util.ResolverHelper - Lookup DataFormatFactory with name json-jackson in registry. Found: null
11:37:04.042 [main] DEBUG org.apache.camel.util.ResolverHelper - Lookup DataFormatFactory with name json-jackson-dataformat-factory in registry. Found: null
11:37:04.048 [main] DEBUG org.apache.camel.processor.interceptor.DefaultChannel - Initialize channel for target: 'Unmarshal[org.apache.camel.model.dataformat.JsonDataFormat@231f98ef]'
11:37:04.055 [main] DEBUG org.apache.camel.processor.interceptor.DefaultChannel - Initialize channel for target: 'To[direct:conectores.servicios.aes]'
11:37:04.060 [main] DEBUG org.apache.camel.util.ResolverHelper - Lookup DataFormatFactory with name json-jackson in registry. Found: null
11:37:04.061 [main] DEBUG org.apache.camel.util.ResolverHelper - Lookup DataFormatFactory with name json-jackson-dataformat-factory in registry. Found: null
11:37:04.062 [main] DEBUG org.apache.camel.processor.interceptor.DefaultChannel - Initialize channel for target: 'Marshal[org.apache.camel.model.dataformat.JsonDataFormat@70ed52de]'
11:37:04.062 [main] INFO org.apache.camel.impl.DefaultCamelContext - StreamCaching is not in use. If using streams then its recommended to enable stream caching. See more details at http://camel.apache.org/stream-caching.html
11:37:04.066 [main] DEBUG org.apache.camel.impl.HeadersMapFactoryResolver - Creating default HeadersMapFactory
11:37:04.066 [main] DEBUG org.apache.camel.impl.DefaultCamelContext - Using HeadersMapFactory: org.apache.camel.impl.DefaultHeadersMapFactory@6be968ce
11:37:04.072 [main] DEBUG org.apache.camel.impl.DefaultCamelContext - Warming up route id: conectores.servicios.aes.direct having autoStartup=true
11:37:04.073 [main] DEBUG org.apache.camel.impl.RouteService - Starting services on route: conectores.servicios.aes.direct
11:37:04.082 [main] DEBUG org.apache.camel.impl.RouteService - Starting child service on route: conectores.servicios.aes.direct -> Pipeline[[Channel[Log(conectores.servicios.aes.direct)[INICIANDO SERVICIO CONECTOR AES...///]], Channel[SetProperty(originalRequest, Simple: ${body})], Channel[Log(conectores.servicios.aes.direct)[funciona]], Channel[SetProperty(hostProperty, Simple: localhost)], Channel[SetProperty(portProperty, Simple: 11000)], Channel[SetProperty(requestTimeoutProperty, Simple: 20s)], Channel[Log(conectores.servicios.aes.direct)[CREANDO PETICION WS...///]], Channel[DelegateSync[sv.gob.bfa.conectores.servicios.aes.ruta.ConectoresServiciosAESRuta$CrearPeticionProcessor@53fb3dab]]]]
11:37:04.082 [main] DEBUG org.apache.camel.impl.RouteService - Starting child service on route: conectores.servicios.aes.direct -> Pipeline[[Channel[Log(conectores.servicios.aes.direct)[INICIANDO SERVICIO CONECTOR AES...///]], Channel[SetProperty(originalRequest, Simple: ${body})], Channel[Log(conectores.servicios.aes.direct)[funciona]], Channel[SetProperty(hostProperty, Simple: localhost)], Channel[SetProperty(portProperty, Simple: 11000)], Channel[SetProperty(requestTimeoutProperty, Simple: 20s)], Channel[Log(conectores.servicios.aes.direct)[CREANDO PETICION WS...///]], Channel[DelegateSync[sv.gob.bfa.conectores.servicios.aes.ruta.ConectoresServiciosAESRuta$CrearPeticionProcessor@53fb3dab]]]]
11:37:04.082 [main] DEBUG org.apache.camel.impl.RouteService - Starting child service on route: conectores.servicios.aes.direct -> Log(conectores.servicios.aes.direct)[INICIANDO SERVICIO CONECTOR AES...///]
11:37:04.082 [main] DEBUG org.apache.camel.impl.RouteService - Starting child service on route: conectores.servicios.aes.direct -> Channel[Log(conectores.servicios.aes.direct)[INICIANDO SERVICIO CONECTOR AES...///]]
11:37:04.082 [main] DEBUG org.apache.camel.impl.RouteService - Starting child service on route: conectores.servicios.aes.direct -> SetProperty(originalRequest, Simple: ${body})
11:37:04.082 [main] DEBUG org.apache.camel.impl.RouteService - Starting child service on route: conectores.servicios.aes.direct -> Channel[SetProperty(originalRequest, Simple: ${body})]
11:37:04.082 [main] DEBUG org.apache.camel.impl.RouteService - Starting child service on route: conectores.servicios.aes.direct -> Log(conectores.servicios.aes.direct)[funciona]
11:37:04.082 [main] DEBUG org.apache.camel.impl.RouteService - Starting child service on route: conectores.servicios.aes.direct -> Channel[Log(conectores.servicios.aes.direct)[funciona]]
11:37:04.082 [main] DEBUG org.apache.camel.impl.RouteService - Starting child service on route: conectores.servicios.aes.direct -> SetProperty(hostProperty, Simple: localhost)
11:37:04.082 [main] DEBUG org.apache.camel.impl.RouteService - Starting child service on route: conectores.servicios.aes.direct -> Channel[SetProperty(hostProperty, Simple: localhost)]
11:37:04.082 [main] DEBUG org.apache.camel.impl.RouteService - Starting child service on route: conectores.servicios.aes.direct -> SetProperty(portProperty, Simple: 11000)
11:37:04.082 [main] DEBUG org.apache.camel.impl.RouteService - Starting child service on route: conectores.servicios.aes.direct -> Channel[SetProperty(portProperty, Simple: 11000)]
11:37:04.082 [main] DEBUG org.apache.camel.impl.RouteService - Starting child service on route: conectores.servicios.aes.direct -> SetProperty(requestTimeoutProperty, Simple: 20s)
11:37:04.082 [main] DEBUG org.apache.camel.impl.RouteService - Starting child service on route: conectores.servicios.aes.direct -> Channel[SetProperty(requestTimeoutProperty, Simple: 20s)]
11:37:04.083 [main] DEBUG org.apache.camel.impl.RouteService - Starting child service on route: conectores.servicios.aes.direct -> Log(conectores.servicios.aes.direct)[CREANDO PETICION WS...///]
11:37:04.083 [main] DEBUG org.apache.camel.impl.RouteService - Starting child service on route: conectores.servicios.aes.direct -> Channel[Log(conectores.servicios.aes.direct)[CREANDO PETICION WS...///]]
11:37:04.083 [main] DEBUG org.apache.camel.impl.RouteService - Starting child service on route: conectores.servicios.aes.direct -> DelegateSync[sv.gob.bfa.conectores.servicios.aes.ruta.ConectoresServiciosAESRuta$CrearPeticionProcessor@53fb3dab]
11:37:04.083 [main] DEBUG org.apache.camel.impl.RouteService - Starting child service on route: conectores.servicios.aes.direct -> Channel[DelegateSync[sv.gob.bfa.conectores.servicios.aes.ruta.ConectoresServiciosAESRuta$CrearPeticionProcessor@53fb3dab]]
11:37:04.083 [main] DEBUG org.apache.camel.impl.DefaultCamelContext - Warming up route id: conectores.servicios.aes.activemq having autoStartup=true
11:37:04.083 [main] DEBUG org.apache.camel.impl.RouteService - Starting services on route: conectores.servicios.aes.activemq
11:37:04.105 [main] DEBUG org.apache.camel.component.jms.JmsQueueEndpoint - Using destinationName: conectores.servicios.aes on listenerContainer: org.apache.camel.component.jms.DefaultJmsMessageListenerContainer@3feb2dda
11:37:04.107 [main] DEBUG org.apache.camel.impl.DefaultExecutorServiceManager - Created new CachedThreadPool for source: Consumer[activemq://conectores.servicios.aes] with name: JmsConsumer[conectores.servicios.aes]. -> java.util.concurrent.ThreadPoolExecutor@69c81773[Running, pool size = 0, active threads = 0, queued tasks = 0, completed tasks = 0]
11:37:04.107 [main] DEBUG org.apache.camel.impl.RouteService - Starting child service on route: conectores.servicios.aes.activemq -> Pipeline[[Channel[Log(conectores.servicios.aes.activemq)[INICIANDO LA CONECCION CON EL AMQ...///]], Channel[Unmarshal[org.apache.camel.component.jackson.JacksonDataFormat@1a4927d6]], Channel[sendTo(direct://conectores.servicios.aes)], Channel[Marshal[org.apache.camel.component.jackson.JacksonDataFormat@7a6d7e92]]]]
11:37:04.200 [main] DEBUG org.apache.camel.component.jackson.JacksonDataFormat - Creating new ObjectMapper to use: com.fasterxml.jackson.databind.ObjectMapper@3b8f0a79
11:37:04.201 [main] DEBUG org.apache.camel.component.jackson.JacksonDataFormat - Registering JaxbAnnotationModule: com.fasterxml.jackson.module.jaxb.JaxbAnnotationModule@7b8b43c7
11:37:04.208 [main] DEBUG org.apache.camel.impl.ProducerCache - Adding to producer cache with key: direct://conectores.servicios.aes for producer: Producer[direct://conectores.servicios.aes]
11:37:04.209 [main] DEBUG org.apache.camel.component.jackson.JacksonDataFormat - Creating new ObjectMapper to use: com.fasterxml.jackson.databind.ObjectMapper@5b67bb7e
11:37:04.210 [main] DEBUG org.apache.camel.component.jackson.JacksonDataFormat - Registering JaxbAnnotationModule: com.fasterxml.jackson.module.jaxb.JaxbAnnotationModule@609db546
11:37:04.210 [main] DEBUG org.apache.camel.impl.RouteService - Starting child service on route: conectores.servicios.aes.activemq -> Pipeline[[Channel[Log(conectores.servicios.aes.activemq)[INICIANDO LA CONECCION CON EL AMQ...///]], Channel[Unmarshal[org.apache.camel.component.jackson.JacksonDataFormat@1a4927d6]], Channel[sendTo(direct://conectores.servicios.aes)], Channel[Marshal[org.apache.camel.component.jackson.JacksonDataFormat@7a6d7e92]]]]
11:37:04.210 [main] DEBUG org.apache.camel.impl.RouteService - Starting child service on route: conectores.servicios.aes.activemq -> Log(conectores.servicios.aes.activemq)[INICIANDO LA CONECCION CON EL AMQ...///]
11:37:04.214 [main] DEBUG org.apache.camel.impl.RouteService - Starting child service on route: conectores.servicios.aes.activemq -> Channel[Log(conectores.servicios.aes.activemq)[INICIANDO LA CONECCION CON EL AMQ...///]]
11:37:04.216 [main] DEBUG org.apache.camel.impl.RouteService - Starting child service on route: conectores.servicios.aes.activemq -> Unmarshal[org.apache.camel.component.jackson.JacksonDataFormat@1a4927d6]
11:37:04.217 [main] DEBUG org.apache.camel.impl.RouteService - Starting child service on route: conectores.servicios.aes.activemq -> Channel[Unmarshal[org.apache.camel.component.jackson.JacksonDataFormat@1a4927d6]]
11:37:04.218 [main] DEBUG org.apache.camel.impl.RouteService - Starting child service on route: conectores.servicios.aes.activemq -> sendTo(direct://conectores.servicios.aes)
11:37:04.219 [main] DEBUG org.apache.camel.impl.RouteService - Starting child service on route: conectores.servicios.aes.activemq -> Channel[sendTo(direct://conectores.servicios.aes)]
11:37:04.219 [main] DEBUG org.apache.camel.impl.RouteService - Starting child service on route: conectores.servicios.aes.activemq -> Marshal[org.apache.camel.component.jackson.JacksonDataFormat@7a6d7e92]
11:37:04.220 [main] DEBUG org.apache.camel.impl.RouteService - Starting child service on route: conectores.servicios.aes.activemq -> Channel[Marshal[org.apache.camel.component.jackson.JacksonDataFormat@7a6d7e92]]
11:37:04.222 [main] DEBUG org.apache.camel.component.direct.DirectProducer - Starting producer: Producer[direct://conectores.servicios.aes]
11:37:04.222 [main] DEBUG org.apache.camel.impl.DefaultCamelContext - Route: conectores.servicios.aes.direct >>> EventDrivenConsumerRoute[direct://conectores.servicios.aes -> Pipeline[[Channel[Log(conectores.servicios.aes.direct)[INICIANDO SERVICIO CONECTOR AES...///]], Channel[SetProperty(originalRequest, Simple: ${body})], Channel[Log(conectores.servicios.aes.direct)[funciona]], Channel[SetProperty(hostProperty, Simple: localhost)], Channel[SetProperty(portProperty, Simple: 11000)], Channel[SetProperty(requestTimeoutProperty, Simple: 20s)], Channel[Log(conectores.servicios.aes.direct)[CREANDO PETICION WS...///]], Channel[DelegateSync[sv.gob.bfa.conectores.servicios.aes.ruta.ConectoresServiciosAESRuta$CrearPeticionProcessor@53fb3dab]]]]]
11:37:04.222 [main] DEBUG org.apache.camel.impl.DefaultCamelContext - Starting consumer (order: 1000) on route: conectores.servicios.aes.direct
11:37:04.226 [main] DEBUG org.apache.camel.component.direct.DirectConsumer - Starting consumer: Consumer[direct://conectores.servicios.aes]
11:37:04.226 [main] INFO org.apache.camel.impl.DefaultCamelContext - Route: conectores.servicios.aes.direct started and consuming from: direct://conectores.servicios.aes
11:37:04.226 [main] DEBUG org.apache.camel.impl.DefaultCamelContext - Route: conectores.servicios.aes.activemq >>> EventDrivenConsumerRoute[activemq://conectores.servicios.aes -> Pipeline[[Channel[Log(conectores.servicios.aes.activemq)[INICIANDO LA CONECCION CON EL AMQ...///]], Channel[Unmarshal[org.apache.camel.component.jackson.JacksonDataFormat@1a4927d6]], Channel[sendTo(direct://conectores.servicios.aes)], Channel[Marshal[org.apache.camel.component.jackson.JacksonDataFormat@7a6d7e92]]]]]
11:37:04.226 [main] DEBUG org.apache.camel.impl.DefaultCamelContext - Starting consumer (order: 1001) on route: conectores.servicios.aes.activemq
11:37:04.226 [main] DEBUG org.apache.camel.component.jms.JmsConsumer - Starting consumer: Consumer[activemq://conectores.servicios.aes]
11:37:34.401 [ActiveMQ InactivityMonitor ReadCheckTimer] DEBUG org.apache.activemq.transport.AbstractInactivityMonitor - No connection attempt made in time for tcp://coruscant.bfa.local:35981! Throwing InactivityIOException.
11:37:34.412 [ActiveMQ InactivityMonitor Worker] DEBUG org.apache.activemq.ActiveMQConnection - Async exception with no exception listener: org.apache.activemq.transport.InactivityIOException: Channel was inactive (no connection attempt made) for too (>30000) long: null
org.apache.activemq.transport.InactivityIOException: Channel was inactive (no connection attempt made) for too (>30000) long: null
	at org.apache.activemq.transport.AbstractInactivityMonitor$1$1.run(AbstractInactivityMonitor.java:92)
	at java.util.concurrent.ThreadPoolExecutor.runWorker(ThreadPoolExecutor.java:1149)
	at java.util.concurrent.ThreadPoolExecutor$Worker.run(ThreadPoolExecutor.java:624)
	at java.lang.Thread.run(Thread.java:748)
11:37:34.440 [ActiveMQ Connection Executor: tcp://coruscant.bfa.local:35981] DEBUG org.apache.activemq.transport.tcp.TcpTransport - Stopping transport tcp://coruscant.bfa.local:35981
11:37:34.444 [ActiveMQ Connection Executor: tcp://coruscant.bfa.local:35981] DEBUG org.apache.activemq.thread.TaskRunnerFactory - Initialized TaskRunnerFactory[ActiveMQ Task] using ExecutorService: java.util.concurrent.ThreadPoolExecutor@592ef99f[Running, pool size = 0, active threads = 0, queued tasks = 0, completed tasks = 0]
11:37:34.463 [main] DEBUG org.apache.activemq.util.ThreadPoolUtils - Shutdown of ExecutorService: java.util.concurrent.ThreadPoolExecutor@602e0143[Shutting down, pool size = 1, active threads = 1, queued tasks = 0, completed tasks = 0] is shutdown: true and terminated: false took: 0.000 seconds.
11:37:34.465 [main] DEBUG org.apache.camel.component.jms.DefaultJmsMessageListenerContainer - Could not establish shared JMS Connection - leaving it up to asynchronous invokers to establish a Connection as soon as possible
javax.jms.JMSException: Could not connect to broker URL: tcp://coruscant.bfa.local:35981. Reason: java.net.SocketException: Socket closed
	at org.apache.activemq.util.JMSExceptionSupport.create(JMSExceptionSupport.java:36)
	at org.apache.activemq.ActiveMQConnectionFactory.createActiveMQConnection(ActiveMQConnectionFactory.java:358)
	at org.apache.activemq.ActiveMQConnectionFactory.createActiveMQConnection(ActiveMQConnectionFactory.java:303)
	at org.apache.activemq.ActiveMQConnectionFactory.createConnection(ActiveMQConnectionFactory.java:243)
	at org.springframework.jms.support.JmsAccessor.createConnection(JmsAccessor.java:196)
	at org.springframework.jms.listener.AbstractJmsListeningContainer.createSharedConnection(AbstractJmsListeningContainer.java:411)
	at org.springframework.jms.listener.AbstractJmsListeningContainer.establishSharedConnection(AbstractJmsListeningContainer.java:379)
	at org.springframework.jms.listener.DefaultMessageListenerContainer.establishSharedConnection(DefaultMessageListenerContainer.java:818)
	at org.springframework.jms.listener.AbstractJmsListeningContainer.doStart(AbstractJmsListeningContainer.java:291)
	at org.springframework.jms.listener.AbstractJmsListeningContainer.start(AbstractJmsListeningContainer.java:276)
	at org.springframework.jms.listener.DefaultMessageListenerContainer.start(DefaultMessageListenerContainer.java:612)
	at org.apache.camel.component.jms.JmsConsumer.startListenerContainer(JmsConsumer.java:109)
	at org.apache.camel.component.jms.JmsConsumer.prepareAndStartListenerContainer(JmsConsumer.java:175)
	at org.apache.camel.component.jms.JmsConsumer.doStart(JmsConsumer.java:159)
	at org.apache.camel.support.ServiceSupport.start(ServiceSupport.java:72)
	at org.apache.camel.impl.DefaultCamelContext.startService(DefaultCamelContext.java:3709)
	at org.apache.camel.impl.DefaultCamelContext.doStartOrResumeRouteConsumers(DefaultCamelContext.java:4027)
	at org.apache.camel.impl.DefaultCamelContext.doStartRouteConsumers(DefaultCamelContext.java:3962)
	at org.apache.camel.impl.DefaultCamelContext.safelyStartRouteServices(DefaultCamelContext.java:3882)
	at org.apache.camel.impl.DefaultCamelContext.doStartOrResumeRoutes(DefaultCamelContext.java:3646)
	at org.apache.camel.impl.DefaultCamelContext.doStartCamel(DefaultCamelContext.java:3489)
	at org.apache.camel.impl.DefaultCamelContext$4.call(DefaultCamelContext.java:3248)
	at org.apache.camel.impl.DefaultCamelContext$4.call(DefaultCamelContext.java:3244)
	at org.apache.camel.impl.DefaultCamelContext.doWithDefinedClassLoader(DefaultCamelContext.java:3267)
	at org.apache.camel.impl.DefaultCamelContext.doStart(DefaultCamelContext.java:3244)
	at org.apache.camel.support.ServiceSupport.start(ServiceSupport.java:72)
	at org.apache.camel.impl.DefaultCamelContext.start(DefaultCamelContext.java:3160)
	at sv.gob.bfa.conectores.servicios.aes.tests.ConectoresServiciosAESRutaTest.testPagoMqRoute(ConectoresServiciosAESRutaTest.java:183)
	at sun.reflect.NativeMethodAccessorImpl.invoke0(Native Method)
	at sun.reflect.NativeMethodAccessorImpl.invoke(NativeMethodAccessorImpl.java:62)
	at sun.reflect.DelegatingMethodAccessorImpl.invoke(DelegatingMethodAccessorImpl.java:43)
	at java.lang.reflect.Method.invoke(Method.java:498)
	at org.junit.runners.model.FrameworkMethod$1.runReflectiveCall(FrameworkMethod.java:59)
	at org.junit.internal.runners.model.ReflectiveCallable.run(ReflectiveCallable.java:12)
	at org.junit.runners.model.FrameworkMethod.invokeExplosively(FrameworkMethod.java:56)
	at org.junit.internal.runners.statements.InvokeMethod.evaluate(InvokeMethod.java:17)
	at org.junit.internal.runners.statements.RunBefores.evaluate(RunBefores.java:26)
	at org.junit.internal.runners.statements.RunAfters.evaluate(RunAfters.java:27)
	at org.junit.rules.TestWatcher$1.evaluate(TestWatcher.java:61)
	at org.junit.rules.TestWatcher$1.evaluate(TestWatcher.java:61)
	at org.junit.runners.ParentRunner$3.evaluate(ParentRunner.java:306)
	at org.junit.runners.BlockJUnit4ClassRunner$1.evaluate(BlockJUnit4ClassRunner.java:100)
	at org.junit.runners.ParentRunner.runLeaf(ParentRunner.java:366)
	at org.junit.runners.BlockJUnit4ClassRunner.runChild(BlockJUnit4ClassRunner.java:103)
	at org.junit.runners.BlockJUnit4ClassRunner.runChild(BlockJUnit4ClassRunner.java:63)
	at org.junit.runners.ParentRunner$4.run(ParentRunner.java:331)
	at org.junit.runners.ParentRunner$1.schedule(ParentRunner.java:79)
	at org.junit.runners.ParentRunner.runChildren(ParentRunner.java:329)
	at org.junit.runners.ParentRunner.access$100(ParentRunner.java:66)
	at org.junit.runners.ParentRunner$2.evaluate(ParentRunner.java:293)
	at org.junit.runners.ParentRunner$3.evaluate(ParentRunner.java:306)
	at org.junit.runners.ParentRunner.run(ParentRunner.java:413)
	at org.apache.maven.surefire.junit4.JUnit4Provider.execute(JUnit4Provider.java:367)
	at org.apache.maven.surefire.junit4.JUnit4Provider.executeWithRerun(JUnit4Provider.java:274)
	at org.apache.maven.surefire.junit4.JUnit4Provider.executeTestSet(JUnit4Provider.java:238)
	at org.apache.maven.surefire.junit4.JUnit4Provider.invoke(JUnit4Provider.java:161)
	at org.apache.maven.surefire.booter.ForkedBooter.invokeProviderInSameClassLoader(ForkedBooter.java:290)
	at org.apache.maven.surefire.booter.ForkedBooter.runSuitesInProcess(ForkedBooter.java:242)
	at org.apache.maven.surefire.booter.ForkedBooter.main(ForkedBooter.java:121)
Caused by: java.net.SocketException: Socket closed
	at java.net.AbstractPlainSocketImpl.doConnect(AbstractPlainSocketImpl.java:354)
	at java.net.AbstractPlainSocketImpl.connectToAddress(AbstractPlainSocketImpl.java:206)
	at java.net.AbstractPlainSocketImpl.connect(AbstractPlainSocketImpl.java:188)
	at java.net.SocksSocketImpl.connect(SocksSocketImpl.java:392)
	at java.net.Socket.connect(Socket.java:607)
	at org.apache.activemq.transport.tcp.TcpTransport.connect(TcpTransport.java:501)
	at org.apache.activemq.transport.tcp.TcpTransport.doStart(TcpTransport.java:464)
	at org.apache.activemq.util.ServiceSupport.start(ServiceSupport.java:55)
	at org.apache.activemq.transport.AbstractInactivityMonitor.start(AbstractInactivityMonitor.java:169)
	at org.apache.activemq.transport.InactivityMonitor.start(InactivityMonitor.java:52)
	at org.apache.activemq.transport.TransportFilter.start(TransportFilter.java:58)
	at org.apache.activemq.transport.WireFormatNegotiator.start(WireFormatNegotiator.java:72)
	at org.apache.activemq.transport.TransportFilter.start(TransportFilter.java:58)
	at org.apache.activemq.transport.TransportFilter.start(TransportFilter.java:58)
	at org.apache.activemq.ActiveMQConnectionFactory.createActiveMQConnection(ActiveMQConnectionFactory.java:338)
	... 57 common frames omitted
11:37:34.479 [ActiveMQ Task-1] DEBUG org.apache.activemq.transport.tcp.TcpTransport - Closed socket Socket[unconnected]
11:37:34.480 [main] DEBUG org.apache.camel.component.jms.DefaultJmsMessageListenerContainer - Resumed paused task: org.springframework.jms.listener.DefaultMessageListenerContainer$AsyncMessageListenerInvoker@6f19ac19
11:37:34.480 [main] DEBUG org.apache.camel.component.jms.JmsConsumer - Started listener container org.apache.camel.component.jms.DefaultJmsMessageListenerContainer@3feb2dda on destination conectores.servicios.aes
11:37:34.480 [main] INFO org.apache.camel.impl.DefaultCamelContext - Route: conectores.servicios.aes.activemq started and consuming from: activemq://conectores.servicios.aes
11:37:34.480 [main] INFO org.apache.camel.impl.DefaultCamelContext - Total 2 routes, of which 2 are started
11:37:34.480 [main] INFO org.apache.camel.impl.DefaultCamelContext - Apache Camel 2.23.2.fuse-760030-redhat-00001 (CamelContext: camel-2) started in 30.555 seconds
11:37:34.490 [ActiveMQ Connection Executor: tcp://coruscant.bfa.local:35981] DEBUG org.apache.activemq.util.ThreadPoolUtils - Forcing shutdown of ExecutorService: java.util.concurrent.ThreadPoolExecutor@592ef99f[Running, pool size = 1, active threads = 0, queued tasks = 0, completed tasks = 1]
Empezando
11:37:34.557 [main] DEBUG org.apache.camel.component.jms.JmsProducer - Starting producer: Producer[activemq://conectores.servicios.aes]
11:37:34.557 [main] DEBUG org.apache.camel.impl.ProducerCache - Adding to producer cache with key: activemq://conectores.servicios.aes for producer: Producer[activemq://conectores.servicios.aes]
11:37:34.558 [main] DEBUG org.apache.camel.impl.ProducerCache - >>>> activemq://conectores.servicios.aes Exchange[]
11:37:34.564 [main] DEBUG org.apache.camel.impl.DefaultExecutorServiceManager - Created new ScheduledThreadPool for source: JmsReplyManagerTimeoutChecker[conectores.servicios.aes] with name: JmsReplyManagerTimeoutChecker[conectores.servicios.aes] -> org.apache.camel.util.concurrent.SizedScheduledExecutorService@517d4a0d[JmsReplyManagerTimeoutChecker[conectores.servicios.aes]]
11:37:34.564 [main] DEBUG org.apache.camel.impl.DefaultExecutorServiceManager - Created new ThreadPool for source: org.apache.camel.component.jms.reply.TemporaryQueueReplyManager@7862f56 with name: JmsReplyManagerOnTimeout[conectores.servicios.aes]. -> org.apache.camel.util.concurrent.RejectableThreadPoolExecutor@3a12c404[Running, pool size = 0, active threads = 0, queued tasks = 0, completed tasks = 0][JmsReplyManagerOnTimeout[conectores.servicios.aes]]
11:37:34.584 [main] DEBUG org.apache.camel.component.jms.reply.TemporaryQueueReplyManager - Starting reply listener container on endpoint: activemq://conectores.servicios.aes
11:37:39.487 [Camel (camel-2) thread #1 - JmsConsumer[conectores.servicios.aes]] DEBUG org.apache.camel.component.jms.DefaultJmsMessageListenerContainer - JMS message listener invoker needs to establish shared Connection
11:38:04.587 [ActiveMQ InactivityMonitor ReadCheckTimer] DEBUG org.apache.activemq.transport.AbstractInactivityMonitor - No connection attempt made in time for tcp://coruscant.bfa.local:35981! Throwing InactivityIOException.
11:38:04.593 [ActiveMQ InactivityMonitor Worker] DEBUG org.apache.activemq.ActiveMQConnection - Async exception with no exception listener: org.apache.activemq.transport.InactivityIOException: Channel was inactive (no connection attempt made) for too (>30000) long: null
org.apache.activemq.transport.InactivityIOException: Channel was inactive (no connection attempt made) for too (>30000) long: null
	at org.apache.activemq.transport.AbstractInactivityMonitor$1$1.run(AbstractInactivityMonitor.java:92)
	at java.util.concurrent.ThreadPoolExecutor.runWorker(ThreadPoolExecutor.java:1149)
	at java.util.concurrent.ThreadPoolExecutor$Worker.run(ThreadPoolExecutor.java:624)
	at java.lang.Thread.run(Thread.java:748)
11:38:04.603 [ActiveMQ Connection Executor: tcp://coruscant.bfa.local:35981] DEBUG org.apache.activemq.transport.tcp.TcpTransport - Stopping transport tcp://coruscant.bfa.local:35981
11:38:04.603 [ActiveMQ Connection Executor: tcp://coruscant.bfa.local:35981] DEBUG org.apache.activemq.thread.TaskRunnerFactory - Initialized TaskRunnerFactory[ActiveMQ Task] using ExecutorService: java.util.concurrent.ThreadPoolExecutor@6141f24c[Running, pool size = 0, active threads = 0, queued tasks = 0, completed tasks = 0]
11:38:04.606 [ActiveMQ Task-1] DEBUG org.apache.activemq.transport.tcp.TcpTransport - Closed socket Socket[unconnected]
11:38:04.606 [ActiveMQ Connection Executor: tcp://coruscant.bfa.local:35981] DEBUG org.apache.activemq.util.ThreadPoolUtils - Forcing shutdown of ExecutorService: java.util.concurrent.ThreadPoolExecutor@6141f24c[Running, pool size = 1, active threads = 1, queued tasks = 0, completed tasks = 0]
11:38:04.607 [main] DEBUG org.apache.activemq.util.ThreadPoolUtils - Shutdown of ExecutorService: java.util.concurrent.ThreadPoolExecutor@142269f2[Shutting down, pool size = 1, active threads = 0, queued tasks = 0, completed tasks = 1] is shutdown: true and terminated: false took: 0.000 seconds.
11:38:04.608 [main] WARN org.apache.camel.component.jms.reply.TemporaryQueueReplyManager - Exception inside the DMLC for Temporary ReplyTo Queue for destination conectores.servicios.aes, refreshing ReplyTo destination
javax.jms.JMSException: Could not connect to broker URL: tcp://coruscant.bfa.local:35981. Reason: java.net.SocketException: Socket closed
	at org.apache.activemq.util.JMSExceptionSupport.create(JMSExceptionSupport.java:36)
	at org.apache.activemq.ActiveMQConnectionFactory.createActiveMQConnection(ActiveMQConnectionFactory.java:358)
	at org.apache.activemq.ActiveMQConnectionFactory.createActiveMQConnection(ActiveMQConnectionFactory.java:303)
	at org.apache.activemq.ActiveMQConnectionFactory.createConnection(ActiveMQConnectionFactory.java:243)
	at org.springframework.jms.support.JmsAccessor.createConnection(JmsAccessor.java:196)
	at org.springframework.jms.listener.AbstractJmsListeningContainer.createSharedConnection(AbstractJmsListeningContainer.java:411)
	at org.springframework.jms.listener.AbstractJmsListeningContainer.establishSharedConnection(AbstractJmsListeningContainer.java:379)
	at org.springframework.jms.listener.DefaultMessageListenerContainer.establishSharedConnection(DefaultMessageListenerContainer.java:818)
	at org.springframework.jms.listener.AbstractJmsListeningContainer.doStart(AbstractJmsListeningContainer.java:291)
	at org.springframework.jms.listener.AbstractJmsListeningContainer.start(AbstractJmsListeningContainer.java:276)
	at org.springframework.jms.listener.DefaultMessageListenerContainer.start(DefaultMessageListenerContainer.java:612)
	at org.apache.camel.component.jms.reply.ReplyManagerSupport.doStart(ReplyManagerSupport.java:281)
	at org.apache.camel.support.ServiceSupport.start(ServiceSupport.java:72)
	at org.apache.camel.util.ServiceHelper.startService(ServiceHelper.java:75)
	at org.apache.camel.util.ServiceHelper.startService(ServiceHelper.java:60)
	at org.apache.camel.component.jms.JmsProducer.createReplyManager(JmsProducer.java:584)
	at org.apache.camel.component.jms.JmsProducer.initReplyManager(JmsProducer.java:109)
	at org.apache.camel.component.jms.JmsProducer.processInOut(JmsProducer.java:189)
	at org.apache.camel.component.jms.JmsProducer.process(JmsProducer.java:154)
	at org.apache.camel.processor.SharedCamelInternalProcessor.process(SharedCamelInternalProcessor.java:186)
	at org.apache.camel.processor.SharedCamelInternalProcessor.process(SharedCamelInternalProcessor.java:86)
	at org.apache.camel.impl.ProducerCache$1.doInProducer(ProducerCache.java:528)
	at org.apache.camel.impl.ProducerCache$1.doInProducer(ProducerCache.java:493)
	at org.apache.camel.impl.ProducerCache.doInProducer(ProducerCache.java:369)
	at org.apache.camel.impl.ProducerCache.sendExchange(ProducerCache.java:493)
	at org.apache.camel.impl.ProducerCache.send(ProducerCache.java:213)
	at org.apache.camel.impl.DefaultProducerTemplate.send(DefaultProducerTemplate.java:139)
	at org.apache.camel.impl.DefaultProducerTemplate.send(DefaultProducerTemplate.java:125)
	at sv.gob.bfa.conectores.servicios.aes.tests.ConectoresServiciosAESRutaTest.testPagoMqRoute(ConectoresServiciosAESRutaTest.java:219)
	at sun.reflect.NativeMethodAccessorImpl.invoke0(Native Method)
	at sun.reflect.NativeMethodAccessorImpl.invoke(NativeMethodAccessorImpl.java:62)
	at sun.reflect.DelegatingMethodAccessorImpl.invoke(DelegatingMethodAccessorImpl.java:43)
	at java.lang.reflect.Method.invoke(Method.java:498)
	at org.junit.runners.model.FrameworkMethod$1.runReflectiveCall(FrameworkMethod.java:59)
	at org.junit.internal.runners.model.ReflectiveCallable.run(ReflectiveCallable.java:12)
	at org.junit.runners.model.FrameworkMethod.invokeExplosively(FrameworkMethod.java:56)
	at org.junit.internal.runners.statements.InvokeMethod.evaluate(InvokeMethod.java:17)
	at org.junit.internal.runners.statements.RunBefores.evaluate(RunBefores.java:26)
	at org.junit.internal.runners.statements.RunAfters.evaluate(RunAfters.java:27)
	at org.junit.rules.TestWatcher$1.evaluate(TestWatcher.java:61)
	at org.junit.rules.TestWatcher$1.evaluate(TestWatcher.java:61)
	at org.junit.runners.ParentRunner$3.evaluate(ParentRunner.java:306)
	at org.junit.runners.BlockJUnit4ClassRunner$1.evaluate(BlockJUnit4ClassRunner.java:100)
	at org.junit.runners.ParentRunner.runLeaf(ParentRunner.java:366)
	at org.junit.runners.BlockJUnit4ClassRunner.runChild(BlockJUnit4ClassRunner.java:103)
	at org.junit.runners.BlockJUnit4ClassRunner.runChild(BlockJUnit4ClassRunner.java:63)
	at org.junit.runners.ParentRunner$4.run(ParentRunner.java:331)
	at org.junit.runners.ParentRunner$1.schedule(ParentRunner.java:79)
	at org.junit.runners.ParentRunner.runChildren(ParentRunner.java:329)
	at org.junit.runners.ParentRunner.access$100(ParentRunner.java:66)
	at org.junit.runners.ParentRunner$2.evaluate(ParentRunner.java:293)
	at org.junit.runners.ParentRunner$3.evaluate(ParentRunner.java:306)
	at org.junit.runners.ParentRunner.run(ParentRunner.java:413)
	at org.apache.maven.surefire.junit4.JUnit4Provider.execute(JUnit4Provider.java:367)
	at org.apache.maven.surefire.junit4.JUnit4Provider.executeWithRerun(JUnit4Provider.java:274)
	at org.apache.maven.surefire.junit4.JUnit4Provider.executeTestSet(JUnit4Provider.java:238)
	at org.apache.maven.surefire.junit4.JUnit4Provider.invoke(JUnit4Provider.java:161)
	at org.apache.maven.surefire.booter.ForkedBooter.invokeProviderInSameClassLoader(ForkedBooter.java:290)
	at org.apache.maven.surefire.booter.ForkedBooter.runSuitesInProcess(ForkedBooter.java:242)
	at org.apache.maven.surefire.booter.ForkedBooter.main(ForkedBooter.java:121)
Caused by: java.net.SocketException: Socket closed
	at java.net.AbstractPlainSocketImpl.doConnect(AbstractPlainSocketImpl.java:354)
	at java.net.AbstractPlainSocketImpl.connectToAddress(AbstractPlainSocketImpl.java:206)
	at java.net.AbstractPlainSocketImpl.connect(AbstractPlainSocketImpl.java:188)
	at java.net.SocksSocketImpl.connect(SocksSocketImpl.java:392)
	at java.net.Socket.connect(Socket.java:607)
	at org.apache.activemq.transport.tcp.TcpTransport.connect(TcpTransport.java:501)
	at org.apache.activemq.transport.tcp.TcpTransport.doStart(TcpTransport.java:464)
	at org.apache.activemq.util.ServiceSupport.start(ServiceSupport.java:55)
	at org.apache.activemq.transport.AbstractInactivityMonitor.start(AbstractInactivityMonitor.java:169)
	at org.apache.activemq.transport.InactivityMonitor.start(InactivityMonitor.java:52)
	at org.apache.activemq.transport.TransportFilter.start(TransportFilter.java:58)
	at org.apache.activemq.transport.WireFormatNegotiator.start(WireFormatNegotiator.java:72)
	at org.apache.activemq.transport.TransportFilter.start(TransportFilter.java:58)
	at org.apache.activemq.transport.TransportFilter.start(TransportFilter.java:58)
	at org.apache.activemq.ActiveMQConnectionFactory.createActiveMQConnection(ActiveMQConnectionFactory.java:338)
	... 58 common frames omitted
11:38:04.608 [main] DEBUG org.apache.camel.component.jms.DefaultJmsMessageListenerContainer - Could not establish shared JMS Connection - leaving it up to asynchronous invokers to establish a Connection as soon as possible
javax.jms.JMSException: Could not connect to broker URL: tcp://coruscant.bfa.local:35981. Reason: java.net.SocketException: Socket closed
	at org.apache.activemq.util.JMSExceptionSupport.create(JMSExceptionSupport.java:36)
	at org.apache.activemq.ActiveMQConnectionFactory.createActiveMQConnection(ActiveMQConnectionFactory.java:358)
	at org.apache.activemq.ActiveMQConnectionFactory.createActiveMQConnection(ActiveMQConnectionFactory.java:303)
	at org.apache.activemq.ActiveMQConnectionFactory.createConnection(ActiveMQConnectionFactory.java:243)
	at org.springframework.jms.support.JmsAccessor.createConnection(JmsAccessor.java:196)
	at org.springframework.jms.listener.AbstractJmsListeningContainer.createSharedConnection(AbstractJmsListeningContainer.java:411)
	at org.springframework.jms.listener.AbstractJmsListeningContainer.establishSharedConnection(AbstractJmsListeningContainer.java:379)
	at org.springframework.jms.listener.DefaultMessageListenerContainer.establishSharedConnection(DefaultMessageListenerContainer.java:818)
	at org.springframework.jms.listener.AbstractJmsListeningContainer.doStart(AbstractJmsListeningContainer.java:291)
	at org.springframework.jms.listener.AbstractJmsListeningContainer.start(AbstractJmsListeningContainer.java:276)
	at org.springframework.jms.listener.DefaultMessageListenerContainer.start(DefaultMessageListenerContainer.java:612)
	at org.apache.camel.component.jms.reply.ReplyManagerSupport.doStart(ReplyManagerSupport.java:281)
	at org.apache.camel.support.ServiceSupport.start(ServiceSupport.java:72)
	at org.apache.camel.util.ServiceHelper.startService(ServiceHelper.java:75)
	at org.apache.camel.util.ServiceHelper.startService(ServiceHelper.java:60)
	at org.apache.camel.component.jms.JmsProducer.createReplyManager(JmsProducer.java:584)
	at org.apache.camel.component.jms.JmsProducer.initReplyManager(JmsProducer.java:109)
	at org.apache.camel.component.jms.JmsProducer.processInOut(JmsProducer.java:189)
	at org.apache.camel.component.jms.JmsProducer.process(JmsProducer.java:154)
	at org.apache.camel.processor.SharedCamelInternalProcessor.process(SharedCamelInternalProcessor.java:186)
	at org.apache.camel.processor.SharedCamelInternalProcessor.process(SharedCamelInternalProcessor.java:86)
	at org.apache.camel.impl.ProducerCache$1.doInProducer(ProducerCache.java:528)
	at org.apache.camel.impl.ProducerCache$1.doInProducer(ProducerCache.java:493)
	at org.apache.camel.impl.ProducerCache.doInProducer(ProducerCache.java:369)
	at org.apache.camel.impl.ProducerCache.sendExchange(ProducerCache.java:493)
	at org.apache.camel.impl.ProducerCache.send(ProducerCache.java:213)
	at org.apache.camel.impl.DefaultProducerTemplate.send(DefaultProducerTemplate.java:139)
	at org.apache.camel.impl.DefaultProducerTemplate.send(DefaultProducerTemplate.java:125)
	at sv.gob.bfa.conectores.servicios.aes.tests.ConectoresServiciosAESRutaTest.testPagoMqRoute(ConectoresServiciosAESRutaTest.java:219)
	at sun.reflect.NativeMethodAccessorImpl.invoke0(Native Method)
	at sun.reflect.NativeMethodAccessorImpl.invoke(NativeMethodAccessorImpl.java:62)
	at sun.reflect.DelegatingMethodAccessorImpl.invoke(DelegatingMethodAccessorImpl.java:43)
	at java.lang.reflect.Method.invoke(Method.java:498)
	at org.junit.runners.model.FrameworkMethod$1.runReflectiveCall(FrameworkMethod.java:59)
	at org.junit.internal.runners.model.ReflectiveCallable.run(ReflectiveCallable.java:12)
	at org.junit.runners.model.FrameworkMethod.invokeExplosively(FrameworkMethod.java:56)
	at org.junit.internal.runners.statements.InvokeMethod.evaluate(InvokeMethod.java:17)
	at org.junit.internal.runners.statements.RunBefores.evaluate(RunBefores.java:26)
	at org.junit.internal.runners.statements.RunAfters.evaluate(RunAfters.java:27)
	at org.junit.rules.TestWatcher$1.evaluate(TestWatcher.java:61)
	at org.junit.rules.TestWatcher$1.evaluate(TestWatcher.java:61)
	at org.junit.runners.ParentRunner$3.evaluate(ParentRunner.java:306)
	at org.junit.runners.BlockJUnit4ClassRunner$1.evaluate(BlockJUnit4ClassRunner.java:100)
	at org.junit.runners.ParentRunner.runLeaf(ParentRunner.java:366)
	at org.junit.runners.BlockJUnit4ClassRunner.runChild(BlockJUnit4ClassRunner.java:103)
	at org.junit.runners.BlockJUnit4ClassRunner.runChild(BlockJUnit4ClassRunner.java:63)
	at org.junit.runners.ParentRunner$4.run(ParentRunner.java:331)
	at org.junit.runners.ParentRunner$1.schedule(ParentRunner.java:79)
	at org.junit.runners.ParentRunner.runChildren(ParentRunner.java:329)
	at org.junit.runners.ParentRunner.access$100(ParentRunner.java:66)
	at org.junit.runners.ParentRunner$2.evaluate(ParentRunner.java:293)
	at org.junit.runners.ParentRunner$3.evaluate(ParentRunner.java:306)
	at org.junit.runners.ParentRunner.run(ParentRunner.java:413)
	at org.apache.maven.surefire.junit4.JUnit4Provider.execute(JUnit4Provider.java:367)
	at org.apache.maven.surefire.junit4.JUnit4Provider.executeWithRerun(JUnit4Provider.java:274)
	at org.apache.maven.surefire.junit4.JUnit4Provider.executeTestSet(JUnit4Provider.java:238)
	at org.apache.maven.surefire.junit4.JUnit4Provider.invoke(JUnit4Provider.java:161)
	at org.apache.maven.surefire.booter.ForkedBooter.invokeProviderInSameClassLoader(ForkedBooter.java:290)
	at org.apache.maven.surefire.booter.ForkedBooter.runSuitesInProcess(ForkedBooter.java:242)
	at org.apache.maven.surefire.booter.ForkedBooter.main(ForkedBooter.java:121)
Caused by: java.net.SocketException: Socket closed
	at java.net.AbstractPlainSocketImpl.doConnect(AbstractPlainSocketImpl.java:354)
	at java.net.AbstractPlainSocketImpl.connectToAddress(AbstractPlainSocketImpl.java:206)
	at java.net.AbstractPlainSocketImpl.connect(AbstractPlainSocketImpl.java:188)
	at java.net.SocksSocketImpl.connect(SocksSocketImpl.java:392)
	at java.net.Socket.connect(Socket.java:607)
	at org.apache.activemq.transport.tcp.TcpTransport.connect(TcpTransport.java:501)
	at org.apache.activemq.transport.tcp.TcpTransport.doStart(TcpTransport.java:464)
	at org.apache.activemq.util.ServiceSupport.start(ServiceSupport.java:55)
	at org.apache.activemq.transport.AbstractInactivityMonitor.start(AbstractInactivityMonitor.java:169)
	at org.apache.activemq.transport.InactivityMonitor.start(InactivityMonitor.java:52)
	at org.apache.activemq.transport.TransportFilter.start(TransportFilter.java:58)
	at org.apache.activemq.transport.WireFormatNegotiator.start(WireFormatNegotiator.java:72)
	at org.apache.activemq.transport.TransportFilter.start(TransportFilter.java:58)
	at org.apache.activemq.transport.TransportFilter.start(TransportFilter.java:58)
	at org.apache.activemq.ActiveMQConnectionFactory.createActiveMQConnection(ActiveMQConnectionFactory.java:338)
	... 58 common frames omitted
11:38:04.626 [main] DEBUG org.apache.camel.component.jms.DefaultJmsMessageListenerContainer - Resumed paused task: org.springframework.jms.listener.DefaultMessageListenerContainer$AsyncMessageListenerInvoker@253d9f73
11:38:04.626 [main] DEBUG org.apache.camel.component.jms.JmsProducer - Using JmsReplyManager: org.apache.camel.component.jms.reply.TemporaryQueueReplyManager@7862f56 to process replies from temporary queue
11:38:09.488 [ActiveMQ InactivityMonitor ReadCheckTimer] DEBUG org.apache.activemq.transport.AbstractInactivityMonitor - No connection attempt made in time for tcp://coruscant.bfa.local:35981! Throwing InactivityIOException.
11:38:09.489 [ActiveMQ InactivityMonitor Worker] DEBUG org.apache.activemq.ActiveMQConnection - Async exception with no exception listener: org.apache.activemq.transport.InactivityIOException: Channel was inactive (no connection attempt made) for too (>30000) long: null
org.apache.activemq.transport.InactivityIOException: Channel was inactive (no connection attempt made) for too (>30000) long: null
	at org.apache.activemq.transport.AbstractInactivityMonitor$1$1.run(AbstractInactivityMonitor.java:92)
	at java.util.concurrent.ThreadPoolExecutor.runWorker(ThreadPoolExecutor.java:1149)
	at java.util.concurrent.ThreadPoolExecutor$Worker.run(ThreadPoolExecutor.java:624)
	at java.lang.Thread.run(Thread.java:748)
11:38:09.489 [ActiveMQ Connection Executor: tcp://coruscant.bfa.local:35981] DEBUG org.apache.activemq.transport.tcp.TcpTransport - Stopping transport tcp://coruscant.bfa.local:35981
11:38:09.490 [ActiveMQ Connection Executor: tcp://coruscant.bfa.local:35981] DEBUG org.apache.activemq.thread.TaskRunnerFactory - Initialized TaskRunnerFactory[ActiveMQ Task] using ExecutorService: java.util.concurrent.ThreadPoolExecutor@6fe409c2[Running, pool size = 0, active threads = 0, queued tasks = 0, completed tasks = 0]
11:38:09.503 [Camel (camel-2) thread #1 - JmsConsumer[conectores.servicios.aes]] DEBUG org.apache.activemq.util.ThreadPoolUtils - Shutdown of ExecutorService: java.util.concurrent.ThreadPoolExecutor@16932398[Shutting down, pool size = 1, active threads = 1, queued tasks = 0, completed tasks = 0] is shutdown: true and terminated: false took: 0.000 seconds.
11:38:09.503 [Camel (camel-2) thread #1 - JmsConsumer[conectores.servicios.aes]] ERROR org.apache.camel.component.jms.DefaultJmsMessageListenerContainer - Could not refresh JMS Connection for destination 'conectores.servicios.aes' - retrying using FixedBackOff{interval=5000, currentAttempts=0, maxAttempts=unlimited}. Cause: Could not connect to broker URL: tcp://coruscant.bfa.local:35981. Reason: java.net.SocketException: Socket closed
javax.jms.JMSException: Could not connect to broker URL: tcp://coruscant.bfa.local:35981. Reason: java.net.SocketException: Socket closed
	at org.apache.activemq.util.JMSExceptionSupport.create(JMSExceptionSupport.java:36)
	at org.apache.activemq.ActiveMQConnectionFactory.createActiveMQConnection(ActiveMQConnectionFactory.java:358)
	at org.apache.activemq.ActiveMQConnectionFactory.createActiveMQConnection(ActiveMQConnectionFactory.java:303)
	at org.apache.activemq.ActiveMQConnectionFactory.createConnection(ActiveMQConnectionFactory.java:243)
	at org.springframework.jms.support.JmsAccessor.createConnection(JmsAccessor.java:196)
	at org.springframework.jms.listener.AbstractJmsListeningContainer.createSharedConnection(AbstractJmsListeningContainer.java:411)
	at org.springframework.jms.listener.AbstractJmsListeningContainer.refreshSharedConnection(AbstractJmsListeningContainer.java:396)
	at org.springframework.jms.listener.DefaultMessageListenerContainer.refreshConnectionUntilSuccessful(DefaultMessageListenerContainer.java:940)
	at org.springframework.jms.listener.DefaultMessageListenerContainer.recoverAfterListenerSetupFailure(DefaultMessageListenerContainer.java:914)
	at org.springframework.jms.listener.DefaultMessageListenerContainer$AsyncMessageListenerInvoker.run(DefaultMessageListenerContainer.java:1098)
	at java.util.concurrent.ThreadPoolExecutor.runWorker(ThreadPoolExecutor.java:1149)
	at java.util.concurrent.ThreadPoolExecutor$Worker.run(ThreadPoolExecutor.java:624)
	at java.lang.Thread.run(Thread.java:748)
Caused by: java.net.SocketException: Socket closed
	at java.net.AbstractPlainSocketImpl.doConnect(AbstractPlainSocketImpl.java:354)
	at java.net.AbstractPlainSocketImpl.connectToAddress(AbstractPlainSocketImpl.java:206)
	at java.net.AbstractPlainSocketImpl.connect(AbstractPlainSocketImpl.java:188)
	at java.net.SocksSocketImpl.connect(SocksSocketImpl.java:392)
	at java.net.Socket.connect(Socket.java:607)
	at org.apache.activemq.transport.tcp.TcpTransport.connect(TcpTransport.java:501)
	at org.apache.activemq.transport.tcp.TcpTransport.doStart(TcpTransport.java:464)
	at org.apache.activemq.util.ServiceSupport.start(ServiceSupport.java:55)
	at org.apache.activemq.transport.AbstractInactivityMonitor.start(AbstractInactivityMonitor.java:169)
	at org.apache.activemq.transport.InactivityMonitor.start(InactivityMonitor.java:52)
	at org.apache.activemq.transport.TransportFilter.start(TransportFilter.java:58)
	at org.apache.activemq.transport.WireFormatNegotiator.start(WireFormatNegotiator.java:72)
	at org.apache.activemq.transport.TransportFilter.start(TransportFilter.java:58)
	at org.apache.activemq.transport.TransportFilter.start(TransportFilter.java:58)
	at org.apache.activemq.ActiveMQConnectionFactory.createActiveMQConnection(ActiveMQConnectionFactory.java:338)
	... 11 common frames omitted
11:38:09.511 [ActiveMQ Task-1] DEBUG org.apache.activemq.transport.tcp.TcpTransport - Closed socket Socket[unconnected]
11:38:09.511 [ActiveMQ Connection Executor: tcp://coruscant.bfa.local:35981] DEBUG org.apache.activemq.util.ThreadPoolUtils - Forcing shutdown of ExecutorService: java.util.concurrent.ThreadPoolExecutor@6fe409c2[Running, pool size = 1, active threads = 0, queued tasks = 0, completed tasks = 1]
11:38:09.633 [Camel (camel-2) thread #3 - TemporaryQueueReplyManager[conectores.servicios.aes]] DEBUG org.apache.camel.component.jms.DefaultJmsMessageListenerContainer - JMS message listener invoker needs to establish shared Connection
11:38:34.633 [ActiveMQ InactivityMonitor ReadCheckTimer] DEBUG org.apache.activemq.transport.AbstractInactivityMonitor - No connection attempt made in time for tcp://coruscant.bfa.local:35981! Throwing InactivityIOException.
11:38:34.633 [ActiveMQ InactivityMonitor Worker] DEBUG org.apache.activemq.ActiveMQConnection - Async exception with no exception listener: org.apache.activemq.transport.InactivityIOException: Channel was inactive (no connection attempt made) for too (>30000) long: null
org.apache.activemq.transport.InactivityIOException: Channel was inactive (no connection attempt made) for too (>30000) long: null
	at org.apache.activemq.transport.AbstractInactivityMonitor$1$1.run(AbstractInactivityMonitor.java:92)
	at java.util.concurrent.ThreadPoolExecutor.runWorker(ThreadPoolExecutor.java:1149)
	at java.util.concurrent.ThreadPoolExecutor$Worker.run(ThreadPoolExecutor.java:624)
	at java.lang.Thread.run(Thread.java:748)
11:38:34.634 [ActiveMQ Connection Executor: tcp://coruscant.bfa.local:35981] DEBUG org.apache.activemq.transport.tcp.TcpTransport - Stopping transport tcp://coruscant.bfa.local:35981
11:38:34.635 [ActiveMQ Connection Executor: tcp://coruscant.bfa.local:35981] DEBUG org.apache.activemq.thread.TaskRunnerFactory - Initialized TaskRunnerFactory[ActiveMQ Task] using ExecutorService: java.util.concurrent.ThreadPoolExecutor@729b3bf6[Running, pool size = 0, active threads = 0, queued tasks = 0, completed tasks = 0]
11:38:34.635 [ActiveMQ Task-1] DEBUG org.apache.activemq.transport.tcp.TcpTransport - Closed socket Socket[unconnected]
11:38:34.635 [main] DEBUG org.apache.activemq.util.ThreadPoolUtils - Shutdown of ExecutorService: java.util.concurrent.ThreadPoolExecutor@e54303[Shutting down, pool size = 1, active threads = 1, queued tasks = 0, completed tasks = 0] is shutdown: true and terminated: false took: 0.000 seconds.
11:38:34.645 [main] INFO sv.gob.bfa.conectores.servicios.aes.tests.ConectoresServiciosAESRutaTest - ********************************************************************************
11:38:34.646 [main] INFO sv.gob.bfa.conectores.servicios.aes.tests.ConectoresServiciosAESRutaTest - Testing done: testPagoMqRoute(sv.gob.bfa.conectores.servicios.aes.tests.ConectoresServiciosAESRutaTest)
11:38:34.647 [main] INFO sv.gob.bfa.conectores.servicios.aes.tests.ConectoresServiciosAESRutaTest - Took: 1 minute (90720 millis)
11:38:34.647 [main] INFO sv.gob.bfa.conectores.servicios.aes.tests.ConectoresServiciosAESRutaTest - ********************************************************************************
11:38:34.647 [main] DEBUG org.apache.camel.test.junit4.CamelTestSupport - tearDown test
11:38:34.647 [main] DEBUG org.apache.camel.impl.SharedPollingConsumerServicePool - Stopping service pool: org.apache.camel.impl.SharedPollingConsumerServicePool@6d4d66d2
11:38:34.647 [main] DEBUG org.apache.camel.component.jms.JmsProducer - Stopping producer: Producer[activemq://conectores.servicios.aes]
11:38:34.648 [main] DEBUG org.apache.camel.component.jms.JmsProducer - Stopping JmsReplyManager: org.apache.camel.component.jms.reply.TemporaryQueueReplyManager@7862f56 from processing replies from: temporary queue
11:38:34.648 [main] DEBUG org.apache.camel.component.jms.reply.TemporaryQueueReplyManager - Stopping reply listener container on endpoint: activemq://conectores.servicios.aes
11:38:34.648 [main] DEBUG org.apache.camel.component.jms.DefaultJmsMessageListenerContainer - Stopping listenerContainer: org.apache.camel.component.jms.DefaultJmsMessageListenerContainer@35229f85 with cacheLevel: 3 and sharedConnectionEnabled: true
11:38:34.649 [main] DEBUG org.apache.camel.component.jms.DefaultJmsMessageListenerContainer - Stopping shared connection on listenerContainer: org.apache.camel.component.jms.DefaultJmsMessageListenerContainer@35229f85
11:38:34.649 [ActiveMQ Connection Executor: tcp://coruscant.bfa.local:35981] DEBUG org.apache.activemq.util.ThreadPoolUtils - Forcing shutdown of ExecutorService: java.util.concurrent.ThreadPoolExecutor@729b3bf6[Running, pool size = 1, active threads = 0, queued tasks = 0, completed tasks = 1]
11:38:39.637 [ActiveMQ InactivityMonitor ReadCheckTimer] DEBUG org.apache.activemq.transport.AbstractInactivityMonitor - No connection attempt made in time for tcp://coruscant.bfa.local:35981! Throwing InactivityIOException.
11:38:39.638 [ActiveMQ InactivityMonitor Worker] DEBUG org.apache.activemq.ActiveMQConnection - Async exception with no exception listener: org.apache.activemq.transport.InactivityIOException: Channel was inactive (no connection attempt made) for too (>30000) long: null
org.apache.activemq.transport.InactivityIOException: Channel was inactive (no connection attempt made) for too (>30000) long: null
	at org.apache.activemq.transport.AbstractInactivityMonitor$1$1.run(AbstractInactivityMonitor.java:92)
	at java.util.concurrent.ThreadPoolExecutor.runWorker(ThreadPoolExecutor.java:1149)
	at java.util.concurrent.ThreadPoolExecutor$Worker.run(ThreadPoolExecutor.java:624)
	at java.lang.Thread.run(Thread.java:748)
11:38:39.639 [ActiveMQ Connection Executor: tcp://coruscant.bfa.local:35981] DEBUG org.apache.activemq.transport.tcp.TcpTransport - Stopping transport tcp://coruscant.bfa.local:35981
11:38:39.639 [ActiveMQ Connection Executor: tcp://coruscant.bfa.local:35981] DEBUG org.apache.activemq.thread.TaskRunnerFactory - Initialized TaskRunnerFactory[ActiveMQ Task] using ExecutorService: java.util.concurrent.ThreadPoolExecutor@2a581378[Running, pool size = 0, active threads = 0, queued tasks = 0, completed tasks = 0]
11:38:39.643 [ActiveMQ Task-1] DEBUG org.apache.activemq.transport.tcp.TcpTransport - Closed socket Socket[unconnected]
11:38:39.643 [Camel (camel-2) thread #3 - TemporaryQueueReplyManager[conectores.servicios.aes]] DEBUG org.apache.activemq.util.ThreadPoolUtils - Shutdown of ExecutorService: java.util.concurrent.ThreadPoolExecutor@171c4cba[Shutting down, pool size = 1, active threads = 1, queued tasks = 0, completed tasks = 0] is shutdown: true and terminated: false took: 0.000 seconds.
11:38:39.643 [Camel (camel-2) thread #3 - TemporaryQueueReplyManager[conectores.servicios.aes]] WARN org.apache.camel.component.jms.reply.TemporaryQueueReplyManager - Exception inside the DMLC for Temporary ReplyTo Queue for destination conectores.servicios.aes, refreshing ReplyTo destination
javax.jms.JMSException: Could not connect to broker URL: tcp://coruscant.bfa.local:35981. Reason: java.net.SocketException: Socket closed
	at org.apache.activemq.util.JMSExceptionSupport.create(JMSExceptionSupport.java:36)
	at org.apache.activemq.ActiveMQConnectionFactory.createActiveMQConnection(ActiveMQConnectionFactory.java:358)
	at org.apache.activemq.ActiveMQConnectionFactory.createActiveMQConnection(ActiveMQConnectionFactory.java:303)
	at org.apache.activemq.ActiveMQConnectionFactory.createConnection(ActiveMQConnectionFactory.java:243)
	at org.springframework.jms.support.JmsAccessor.createConnection(JmsAccessor.java:196)
	at org.springframework.jms.listener.AbstractJmsListeningContainer.createSharedConnection(AbstractJmsListeningContainer.java:411)
	at org.springframework.jms.listener.AbstractJmsListeningContainer.refreshSharedConnection(AbstractJmsListeningContainer.java:396)
	at org.springframework.jms.listener.DefaultMessageListenerContainer.refreshConnectionUntilSuccessful(DefaultMessageListenerContainer.java:940)
	at org.springframework.jms.listener.DefaultMessageListenerContainer.recoverAfterListenerSetupFailure(DefaultMessageListenerContainer.java:914)
	at org.springframework.jms.listener.DefaultMessageListenerContainer$AsyncMessageListenerInvoker.run(DefaultMessageListenerContainer.java:1098)
	at java.lang.Thread.run(Thread.java:748)
Caused by: java.net.SocketException: Socket closed
	at java.net.AbstractPlainSocketImpl.doConnect(AbstractPlainSocketImpl.java:354)
	at java.net.AbstractPlainSocketImpl.connectToAddress(AbstractPlainSocketImpl.java:206)
	at java.net.AbstractPlainSocketImpl.connect(AbstractPlainSocketImpl.java:188)
	at java.net.SocksSocketImpl.connect(SocksSocketImpl.java:392)
	at java.net.Socket.connect(Socket.java:607)
	at org.apache.activemq.transport.tcp.TcpTransport.connect(TcpTransport.java:501)
	at org.apache.activemq.transport.tcp.TcpTransport.doStart(TcpTransport.java:464)
	at org.apache.activemq.util.ServiceSupport.start(ServiceSupport.java:55)
	at org.apache.activemq.transport.AbstractInactivityMonitor.start(AbstractInactivityMonitor.java:169)
	at org.apache.activemq.transport.InactivityMonitor.start(InactivityMonitor.java:52)
	at org.apache.activemq.transport.TransportFilter.start(TransportFilter.java:58)
	at org.apache.activemq.transport.WireFormatNegotiator.start(WireFormatNegotiator.java:72)
	at org.apache.activemq.transport.TransportFilter.start(TransportFilter.java:58)
	at org.apache.activemq.transport.TransportFilter.start(TransportFilter.java:58)
	at org.apache.activemq.ActiveMQConnectionFactory.createActiveMQConnection(ActiveMQConnectionFactory.java:338)
	... 9 common frames omitted
11:38:39.644 [main] DEBUG org.apache.camel.component.jms.DefaultJmsMessageListenerContainer - Destroying listenerContainer: org.apache.camel.component.jms.DefaultJmsMessageListenerContainer@35229f85 with cacheLevel: 3 and sharedConnectionEnabled: true
11:38:39.645 [main] DEBUG org.apache.camel.component.jms.DefaultJmsMessageListenerContainer - Shutting down JMS listener container
11:38:39.645 [main] DEBUG org.apache.camel.component.jms.DefaultJmsMessageListenerContainer - Waiting for shutdown of message listener invokers
11:38:39.645 [main] DEBUG org.apache.camel.component.jms.DefaultJmsMessageListenerContainer - Still waiting for shutdown of 1 message listener invokers (iteration 0)
11:38:39.645 [Camel (camel-2) thread #3 - TemporaryQueueReplyManager[conectores.servicios.aes]] ERROR org.apache.camel.component.jms.DefaultJmsMessageListenerContainer - Could not refresh JMS Connection for destination 'temporary' - retrying using FixedBackOff{interval=5000, currentAttempts=0, maxAttempts=unlimited}. Cause: Could not connect to broker URL: tcp://coruscant.bfa.local:35981. Reason: java.net.SocketException: Socket closed
javax.jms.JMSException: Could not connect to broker URL: tcp://coruscant.bfa.local:35981. Reason: java.net.SocketException: Socket closed
	at org.apache.activemq.util.JMSExceptionSupport.create(JMSExceptionSupport.java:36)
	at org.apache.activemq.ActiveMQConnectionFactory.createActiveMQConnection(ActiveMQConnectionFactory.java:358)
	at org.apache.activemq.ActiveMQConnectionFactory.createActiveMQConnection(ActiveMQConnectionFactory.java:303)
	at org.apache.activemq.ActiveMQConnectionFactory.createConnection(ActiveMQConnectionFactory.java:243)
	at org.springframework.jms.support.JmsAccessor.createConnection(JmsAccessor.java:196)
	at org.springframework.jms.listener.AbstractJmsListeningContainer.createSharedConnection(AbstractJmsListeningContainer.java:411)
	at org.springframework.jms.listener.AbstractJmsListeningContainer.refreshSharedConnection(AbstractJmsListeningContainer.java:396)
	at org.springframework.jms.listener.DefaultMessageListenerContainer.refreshConnectionUntilSuccessful(DefaultMessageListenerContainer.java:940)
	at org.springframework.jms.listener.DefaultMessageListenerContainer.recoverAfterListenerSetupFailure(DefaultMessageListenerContainer.java:914)
	at org.springframework.jms.listener.DefaultMessageListenerContainer$AsyncMessageListenerInvoker.run(DefaultMessageListenerContainer.java:1098)
	at java.lang.Thread.run(Thread.java:748)
Caused by: java.net.SocketException: Socket closed
	at java.net.AbstractPlainSocketImpl.doConnect(AbstractPlainSocketImpl.java:354)
	at java.net.AbstractPlainSocketImpl.connectToAddress(AbstractPlainSocketImpl.java:206)
	at java.net.AbstractPlainSocketImpl.connect(AbstractPlainSocketImpl.java:188)
	at java.net.SocksSocketImpl.connect(SocksSocketImpl.java:392)
	at java.net.Socket.connect(Socket.java:607)
	at org.apache.activemq.transport.tcp.TcpTransport.connect(TcpTransport.java:501)
	at org.apache.activemq.transport.tcp.TcpTransport.doStart(TcpTransport.java:464)
	at org.apache.activemq.util.ServiceSupport.start(ServiceSupport.java:55)
	at org.apache.activemq.transport.AbstractInactivityMonitor.start(AbstractInactivityMonitor.java:169)
	at org.apache.activemq.transport.InactivityMonitor.start(InactivityMonitor.java:52)
	at org.apache.activemq.transport.TransportFilter.start(TransportFilter.java:58)
	at org.apache.activemq.transport.WireFormatNegotiator.start(WireFormatNegotiator.java:72)
	at org.apache.activemq.transport.TransportFilter.start(TransportFilter.java:58)
	at org.apache.activemq.transport.TransportFilter.start(TransportFilter.java:58)
	at org.apache.activemq.ActiveMQConnectionFactory.createActiveMQConnection(ActiveMQConnectionFactory.java:338)
	... 9 common frames omitted
11:38:39.645 [ActiveMQ Connection Executor: tcp://coruscant.bfa.local:35981] DEBUG org.apache.activemq.util.ThreadPoolUtils - Forcing shutdown of ExecutorService: java.util.concurrent.ThreadPoolExecutor@2a581378[Running, pool size = 1, active threads = 0, queued tasks = 0, completed tasks = 1]
11:38:40.648 [main] DEBUG org.apache.camel.component.jms.DefaultJmsMessageListenerContainer - Still waiting for shutdown of 1 message listener invokers (iteration 1)
11:38:41.656 [main] DEBUG org.apache.camel.component.jms.DefaultJmsMessageListenerContainer - Still waiting for shutdown of 1 message listener invokers (iteration 2)
11:38:42.662 [main] DEBUG org.apache.camel.component.jms.DefaultJmsMessageListenerContainer - Still waiting for shutdown of 1 message listener invokers (iteration 3)
11:38:43.662 [main] DEBUG org.apache.camel.component.jms.DefaultJmsMessageListenerContainer - Still waiting for shutdown of 1 message listener invokers (iteration 4)
11:38:44.510 [ActiveMQ InactivityMonitor ReadCheckTimer] DEBUG org.apache.activemq.transport.AbstractInactivityMonitor - No connection attempt made in time for tcp://coruscant.bfa.local:35981! Throwing InactivityIOException.
11:38:44.511 [ActiveMQ InactivityMonitor Worker] DEBUG org.apache.activemq.ActiveMQConnection - Async exception with no exception listener: org.apache.activemq.transport.InactivityIOException: Channel was inactive (no connection attempt made) for too (>30000) long: null
org.apache.activemq.transport.InactivityIOException: Channel was inactive (no connection attempt made) for too (>30000) long: null
	at org.apache.activemq.transport.AbstractInactivityMonitor$1$1.run(AbstractInactivityMonitor.java:92)
	at java.util.concurrent.ThreadPoolExecutor.runWorker(ThreadPoolExecutor.java:1149)
	at java.util.concurrent.ThreadPoolExecutor$Worker.run(ThreadPoolExecutor.java:624)
	at java.lang.Thread.run(Thread.java:748)
11:38:44.511 [ActiveMQ Connection Executor: tcp://coruscant.bfa.local:35981] DEBUG org.apache.activemq.transport.tcp.TcpTransport - Stopping transport tcp://coruscant.bfa.local:35981
11:38:44.512 [ActiveMQ Connection Executor: tcp://coruscant.bfa.local:35981] DEBUG org.apache.activemq.thread.TaskRunnerFactory - Initialized TaskRunnerFactory[ActiveMQ Task] using ExecutorService: java.util.concurrent.ThreadPoolExecutor@1072877a[Running, pool size = 0, active threads = 0, queued tasks = 0, completed tasks = 0]
11:38:44.513 [ActiveMQ Task-1] DEBUG org.apache.activemq.transport.tcp.TcpTransport - Closed socket Socket[unconnected]
11:38:44.514 [ActiveMQ Connection Executor: tcp://coruscant.bfa.local:35981] DEBUG org.apache.activemq.util.ThreadPoolUtils - Forcing shutdown of ExecutorService: java.util.concurrent.ThreadPoolExecutor@1072877a[Running, pool size = 1, active threads = 1, queued tasks = 0, completed tasks = 0]
11:38:44.516 [Camel (camel-2) thread #1 - JmsConsumer[conectores.servicios.aes]] DEBUG org.apache.activemq.util.ThreadPoolUtils - Shutdown of ExecutorService: java.util.concurrent.ThreadPoolExecutor@32f24609[Terminated, pool size = 0, active threads = 0, queued tasks = 0, completed tasks = 1] is shutdown: true and terminated: false took: 0.000 seconds.
11:38:44.516 [Camel (camel-2) thread #1 - JmsConsumer[conectores.servicios.aes]] ERROR org.apache.camel.component.jms.DefaultJmsMessageListenerContainer - Could not refresh JMS Connection for destination 'conectores.servicios.aes' - retrying using FixedBackOff{interval=5000, currentAttempts=1, maxAttempts=unlimited}. Cause: Could not connect to broker URL: tcp://coruscant.bfa.local:35981. Reason: java.net.SocketException: Socket closed
javax.jms.JMSException: Could not connect to broker URL: tcp://coruscant.bfa.local:35981. Reason: java.net.SocketException: Socket closed
	at org.apache.activemq.util.JMSExceptionSupport.create(JMSExceptionSupport.java:36)
	at org.apache.activemq.ActiveMQConnectionFactory.createActiveMQConnection(ActiveMQConnectionFactory.java:358)
	at org.apache.activemq.ActiveMQConnectionFactory.createActiveMQConnection(ActiveMQConnectionFactory.java:303)
	at org.apache.activemq.ActiveMQConnectionFactory.createConnection(ActiveMQConnectionFactory.java:243)
	at org.springframework.jms.support.JmsAccessor.createConnection(JmsAccessor.java:196)
	at org.springframework.jms.listener.AbstractJmsListeningContainer.createSharedConnection(AbstractJmsListeningContainer.java:411)
	at org.springframework.jms.listener.AbstractJmsListeningContainer.refreshSharedConnection(AbstractJmsListeningContainer.java:396)
	at org.springframework.jms.listener.DefaultMessageListenerContainer.refreshConnectionUntilSuccessful(DefaultMessageListenerContainer.java:940)
	at org.springframework.jms.listener.DefaultMessageListenerContainer.recoverAfterListenerSetupFailure(DefaultMessageListenerContainer.java:914)
	at org.springframework.jms.listener.DefaultMessageListenerContainer$AsyncMessageListenerInvoker.run(DefaultMessageListenerContainer.java:1098)
	at java.util.concurrent.ThreadPoolExecutor.runWorker(ThreadPoolExecutor.java:1149)
	at java.util.concurrent.ThreadPoolExecutor$Worker.run(ThreadPoolExecutor.java:624)
	at java.lang.Thread.run(Thread.java:748)
Caused by: java.net.SocketException: Socket closed
	at java.net.AbstractPlainSocketImpl.doConnect(AbstractPlainSocketImpl.java:354)
	at java.net.AbstractPlainSocketImpl.connectToAddress(AbstractPlainSocketImpl.java:206)
	at java.net.AbstractPlainSocketImpl.connect(AbstractPlainSocketImpl.java:188)
	at java.net.SocksSocketImpl.connect(SocksSocketImpl.java:392)
	at java.net.Socket.connect(Socket.java:607)
	at org.apache.activemq.transport.tcp.TcpTransport.connect(TcpTransport.java:501)
	at org.apache.activemq.transport.tcp.TcpTransport.doStart(TcpTransport.java:464)
	at org.apache.activemq.util.ServiceSupport.start(ServiceSupport.java:55)
	at org.apache.activemq.transport.AbstractInactivityMonitor.start(AbstractInactivityMonitor.java:169)
	at org.apache.activemq.transport.InactivityMonitor.start(InactivityMonitor.java:52)
	at org.apache.activemq.transport.TransportFilter.start(TransportFilter.java:58)
	at org.apache.activemq.transport.WireFormatNegotiator.start(WireFormatNegotiator.java:72)
	at org.apache.activemq.transport.TransportFilter.start(TransportFilter.java:58)
	at org.apache.activemq.transport.TransportFilter.start(TransportFilter.java:58)
	at org.apache.activemq.ActiveMQConnectionFactory.createActiveMQConnection(ActiveMQConnectionFactory.java:338)
	... 11 common frames omitted
11:38:44.654 [Camel (camel-2) thread #3 - TemporaryQueueReplyManager[conectores.servicios.aes]] DEBUG org.apache.camel.component.jms.DefaultJmsMessageListenerContainer - Lowered scheduled invoker count: 0
11:38:44.655 [main] DEBUG org.apache.camel.impl.DefaultExecutorServiceManager - Shutdown of ExecutorService: org.apache.camel.util.concurrent.SizedScheduledExecutorService@517d4a0d[JmsReplyManagerTimeoutChecker[conectores.servicios.aes]] is shutdown: true and terminated: true took: 0.000 seconds.
11:38:44.655 [main] DEBUG org.apache.camel.impl.DefaultExecutorServiceManager - Shutdown of ExecutorService: org.apache.camel.util.concurrent.RejectableThreadPoolExecutor@3a12c404[Terminated, pool size = 0, active threads = 0, queued tasks = 0, completed tasks = 0][JmsReplyManagerOnTimeout[conectores.servicios.aes]] is shutdown: true and terminated: true took: 0.000 seconds.
11:38:44.656 [main] INFO org.apache.camel.impl.DefaultCamelContext - Apache Camel 2.23.2.fuse-760030-redhat-00001 (CamelContext: camel-2) is shutting down
11:38:44.657 [main] INFO org.apache.camel.impl.DefaultShutdownStrategy - Starting to graceful shutdown 2 routes (timeout 10 seconds)
11:38:44.657 [main] DEBUG org.apache.camel.impl.DefaultExecutorServiceManager - Created new ThreadPool for source: org.apache.camel.impl.DefaultShutdownStrategy@5629510 with name: ShutdownTask. -> org.apache.camel.util.concurrent.RejectableThreadPoolExecutor@2da59753[Running, pool size = 0, active threads = 0, queued tasks = 0, completed tasks = 0][ShutdownTask]
11:38:44.658 [Camel (camel-2) thread #4 - ShutdownTask] DEBUG org.apache.camel.impl.DefaultShutdownStrategy - There are 2 routes to shutdown
11:38:44.658 [Camel (camel-2) thread #4 - ShutdownTask] DEBUG org.apache.camel.component.jms.DefaultJmsMessageListenerContainer - Stopping listenerContainer: org.apache.camel.component.jms.DefaultJmsMessageListenerContainer@3feb2dda with cacheLevel: 3 and sharedConnectionEnabled: true
11:38:44.658 [Camel (camel-2) thread #4 - ShutdownTask] DEBUG org.apache.camel.component.jms.DefaultJmsMessageListenerContainer - Stopping shared connection on listenerContainer: org.apache.camel.component.jms.DefaultJmsMessageListenerContainer@3feb2dda
11:38:44.658 [Camel (camel-2) thread #4 - ShutdownTask] DEBUG org.apache.camel.impl.DefaultShutdownStrategy - Route: conectores.servicios.aes.activemq suspended and shutdown deferred, was consuming from: activemq://conectores.servicios.aes
11:38:44.659 [Camel (camel-2) thread #4 - ShutdownTask] DEBUG org.apache.camel.impl.DefaultShutdownStrategy - Route: conectores.servicios.aes.direct suspension deferred.
11:38:44.659 [Camel (camel-2) thread #4 - ShutdownTask] DEBUG org.apache.camel.impl.DefaultShutdownStrategy - Route: conectores.servicios.aes.direct preparing to shutdown complete.
11:38:44.659 [Camel (camel-2) thread #4 - ShutdownTask] DEBUG org.apache.camel.component.jms.DefaultJmsMessageListenerContainer - Stopping listenerContainer: org.apache.camel.component.jms.DefaultJmsMessageListenerContainer@3feb2dda with cacheLevel: 3 and sharedConnectionEnabled: true
11:38:44.659 [Camel (camel-2) thread #4 - ShutdownTask] DEBUG org.apache.camel.component.jms.DefaultJmsMessageListenerContainer - Stopping shared connection on listenerContainer: org.apache.camel.component.jms.DefaultJmsMessageListenerContainer@3feb2dda
11:38:44.659 [Camel (camel-2) thread #4 - ShutdownTask] DEBUG org.apache.camel.component.jms.DefaultJmsMessageListenerContainer - Destroying listenerContainer: org.apache.camel.component.jms.DefaultJmsMessageListenerContainer@3feb2dda with cacheLevel: 3 and sharedConnectionEnabled: true
11:38:44.659 [Camel (camel-2) thread #4 - ShutdownTask] DEBUG org.apache.camel.component.jms.DefaultJmsMessageListenerContainer - Shutting down JMS listener container
11:38:44.659 [Camel (camel-2) thread #4 - ShutdownTask] DEBUG org.apache.camel.component.jms.DefaultJmsMessageListenerContainer - Waiting for shutdown of message listener invokers
11:38:44.660 [Camel (camel-2) thread #4 - ShutdownTask] DEBUG org.apache.camel.impl.DefaultExecutorServiceManager - Forcing shutdown of ExecutorService: java.util.concurrent.ThreadPoolExecutor@69c81773[Running, pool size = 1, active threads = 0, queued tasks = 0, completed tasks = 1]
11:38:44.660 [Camel (camel-2) thread #4 - ShutdownTask] DEBUG org.apache.camel.component.jms.JmsConsumer - Stopping consumer: Consumer[activemq://conectores.servicios.aes]
11:38:44.660 [Camel (camel-2) thread #4 - ShutdownTask] DEBUG org.apache.camel.component.direct.DirectProducer - Stopping producer: Producer[direct://conectores.servicios.aes]
11:38:44.660 [Camel (camel-2) thread #4 - ShutdownTask] INFO org.apache.camel.impl.DefaultShutdownStrategy - Route: conectores.servicios.aes.activemq shutdown complete, was consuming from: activemq://conectores.servicios.aes
11:38:44.660 [Camel (camel-2) thread #4 - ShutdownTask] DEBUG org.apache.camel.component.direct.DirectConsumer - Stopping consumer: Consumer[direct://conectores.servicios.aes]
11:38:44.660 [Camel (camel-2) thread #4 - ShutdownTask] INFO org.apache.camel.impl.DefaultShutdownStrategy - Route: conectores.servicios.aes.direct shutdown complete, was consuming from: direct://conectores.servicios.aes
11:38:44.660 [main] INFO org.apache.camel.impl.DefaultShutdownStrategy - Graceful shutdown of 2 routes completed in 0 seconds
11:38:44.660 [main] DEBUG org.apache.camel.impl.DefaultAsyncProcessorAwaitManager - Shutting down with no inflight threads.
11:38:44.660 [main] DEBUG org.apache.camel.impl.RouteService - Stopping services on route: conectores.servicios.aes.activemq
11:38:44.660 [main] DEBUG org.apache.camel.impl.RouteService - Shutting down child service on route: conectores.servicios.aes.activemq -> Consumer[activemq://conectores.servicios.aes]
11:38:44.660 [main] DEBUG org.apache.camel.impl.RouteService - Shutting down child service on route: conectores.servicios.aes.activemq -> Pipeline[[Channel[Log(conectores.servicios.aes.activemq)[INICIANDO LA CONECCION CON EL AMQ...///]], Channel[Unmarshal[org.apache.camel.component.jackson.JacksonDataFormat@1a4927d6]], Channel[sendTo(direct://conectores.servicios.aes)], Channel[Marshal[org.apache.camel.component.jackson.JacksonDataFormat@7a6d7e92]]]]
11:38:44.660 [main] DEBUG org.apache.camel.impl.RouteService - Shutting down child service on route: conectores.servicios.aes.activemq -> Pipeline[[Channel[Log(conectores.servicios.aes.activemq)[INICIANDO LA CONECCION CON EL AMQ...///]], Channel[Unmarshal[org.apache.camel.component.jackson.JacksonDataFormat@1a4927d6]], Channel[sendTo(direct://conectores.servicios.aes)], Channel[Marshal[org.apache.camel.component.jackson.JacksonDataFormat@7a6d7e92]]]]
11:38:44.660 [main] DEBUG org.apache.camel.impl.RouteService - Shutting down child service on route: conectores.servicios.aes.activemq -> Log(conectores.servicios.aes.activemq)[INICIANDO LA CONECCION CON EL AMQ...///]
11:38:44.660 [main] DEBUG org.apache.camel.impl.RouteService - Shutting down child service on route: conectores.servicios.aes.activemq -> Channel[Log(conectores.servicios.aes.activemq)[INICIANDO LA CONECCION CON EL AMQ...///]]
11:38:44.661 [main] DEBUG org.apache.camel.impl.RouteService - Shutting down child service on route: conectores.servicios.aes.activemq -> Unmarshal[org.apache.camel.component.jackson.JacksonDataFormat@1a4927d6]
11:38:44.661 [main] DEBUG org.apache.camel.impl.RouteService - Shutting down child service on route: conectores.servicios.aes.activemq -> Channel[Unmarshal[org.apache.camel.component.jackson.JacksonDataFormat@1a4927d6]]
11:38:44.661 [main] DEBUG org.apache.camel.impl.RouteService - Shutting down child service on route: conectores.servicios.aes.activemq -> sendTo(direct://conectores.servicios.aes)
11:38:44.661 [main] DEBUG org.apache.camel.impl.RouteService - Shutting down child service on route: conectores.servicios.aes.activemq -> Channel[sendTo(direct://conectores.servicios.aes)]
11:38:44.661 [main] DEBUG org.apache.camel.impl.RouteService - Shutting down child service on route: conectores.servicios.aes.activemq -> Marshal[org.apache.camel.component.jackson.JacksonDataFormat@7a6d7e92]
11:38:44.661 [main] DEBUG org.apache.camel.impl.RouteService - Shutting down child service on route: conectores.servicios.aes.activemq -> Channel[Marshal[org.apache.camel.component.jackson.JacksonDataFormat@7a6d7e92]]
11:38:44.661 [main] DEBUG org.apache.camel.impl.RouteService - Shutting down services on route: conectores.servicios.aes.activemq
11:38:44.661 [main] DEBUG org.apache.camel.impl.RouteService - Stopping services on route: conectores.servicios.aes.direct
11:38:44.661 [main] DEBUG org.apache.camel.impl.RouteService - Shutting down child service on route: conectores.servicios.aes.direct -> Consumer[direct://conectores.servicios.aes]
11:38:44.661 [main] DEBUG org.apache.camel.impl.RouteService - Shutting down child service on route: conectores.servicios.aes.direct -> Pipeline[[Channel[Log(conectores.servicios.aes.direct)[INICIANDO SERVICIO CONECTOR AES...///]], Channel[SetProperty(originalRequest, Simple: ${body})], Channel[Log(conectores.servicios.aes.direct)[funciona]], Channel[SetProperty(hostProperty, Simple: localhost)], Channel[SetProperty(portProperty, Simple: 11000)], Channel[SetProperty(requestTimeoutProperty, Simple: 20s)], Channel[Log(conectores.servicios.aes.direct)[CREANDO PETICION WS...///]], Channel[DelegateSync[sv.gob.bfa.conectores.servicios.aes.ruta.ConectoresServiciosAESRuta$CrearPeticionProcessor@53fb3dab]]]]
11:38:44.661 [main] DEBUG org.apache.camel.impl.RouteService - Shutting down child service on route: conectores.servicios.aes.direct -> Pipeline[[Channel[Log(conectores.servicios.aes.direct)[INICIANDO SERVICIO CONECTOR AES...///]], Channel[SetProperty(originalRequest, Simple: ${body})], Channel[Log(conectores.servicios.aes.direct)[funciona]], Channel[SetProperty(hostProperty, Simple: localhost)], Channel[SetProperty(portProperty, Simple: 11000)], Channel[SetProperty(requestTimeoutProperty, Simple: 20s)], Channel[Log(conectores.servicios.aes.direct)[CREANDO PETICION WS...///]], Channel[DelegateSync[sv.gob.bfa.conectores.servicios.aes.ruta.ConectoresServiciosAESRuta$CrearPeticionProcessor@53fb3dab]]]]
11:38:44.661 [main] DEBUG org.apache.camel.impl.RouteService - Shutting down child service on route: conectores.servicios.aes.direct -> Log(conectores.servicios.aes.direct)[INICIANDO SERVICIO CONECTOR AES...///]
11:38:44.661 [main] DEBUG org.apache.camel.impl.RouteService - Shutting down child service on route: conectores.servicios.aes.direct -> Channel[Log(conectores.servicios.aes.direct)[INICIANDO SERVICIO CONECTOR AES...///]]
11:38:44.661 [main] DEBUG org.apache.camel.impl.RouteService - Shutting down child service on route: conectores.servicios.aes.direct -> SetProperty(originalRequest, Simple: ${body})
11:38:44.661 [main] DEBUG org.apache.camel.impl.RouteService - Shutting down child service on route: conectores.servicios.aes.direct -> Channel[SetProperty(originalRequest, Simple: ${body})]
11:38:44.661 [main] DEBUG org.apache.camel.impl.RouteService - Shutting down child service on route: conectores.servicios.aes.direct -> Log(conectores.servicios.aes.direct)[funciona]
11:38:44.661 [main] DEBUG org.apache.camel.impl.RouteService - Shutting down child service on route: conectores.servicios.aes.direct -> Channel[Log(conectores.servicios.aes.direct)[funciona]]
11:38:44.661 [main] DEBUG org.apache.camel.impl.RouteService - Shutting down child service on route: conectores.servicios.aes.direct -> SetProperty(hostProperty, Simple: localhost)
11:38:44.661 [main] DEBUG org.apache.camel.impl.RouteService - Shutting down child service on route: conectores.servicios.aes.direct -> Channel[SetProperty(hostProperty, Simple: localhost)]
11:38:44.661 [main] DEBUG org.apache.camel.impl.RouteService - Shutting down child service on route: conectores.servicios.aes.direct -> SetProperty(portProperty, Simple: 11000)
11:38:44.661 [main] DEBUG org.apache.camel.impl.RouteService - Shutting down child service on route: conectores.servicios.aes.direct -> Channel[SetProperty(portProperty, Simple: 11000)]
11:38:44.661 [main] DEBUG org.apache.camel.impl.RouteService - Shutting down child service on route: conectores.servicios.aes.direct -> SetProperty(requestTimeoutProperty, Simple: 20s)
11:38:44.661 [main] DEBUG org.apache.camel.impl.RouteService - Shutting down child service on route: conectores.servicios.aes.direct -> Channel[SetProperty(requestTimeoutProperty, Simple: 20s)]
11:38:44.661 [main] DEBUG org.apache.camel.impl.RouteService - Shutting down child service on route: conectores.servicios.aes.direct -> Log(conectores.servicios.aes.direct)[CREANDO PETICION WS...///]
11:38:44.661 [main] DEBUG org.apache.camel.impl.RouteService - Shutting down child service on route: conectores.servicios.aes.direct -> Channel[Log(conectores.servicios.aes.direct)[CREANDO PETICION WS...///]]
11:38:44.661 [main] DEBUG org.apache.camel.impl.RouteService - Shutting down child service on route: conectores.servicios.aes.direct -> DelegateSync[sv.gob.bfa.conectores.servicios.aes.ruta.ConectoresServiciosAESRuta$CrearPeticionProcessor@53fb3dab]
11:38:44.661 [main] DEBUG org.apache.camel.impl.RouteService - Shutting down child service on route: conectores.servicios.aes.direct -> Channel[DelegateSync[sv.gob.bfa.conectores.servicios.aes.ruta.ConectoresServiciosAESRuta$CrearPeticionProcessor@53fb3dab]]
11:38:44.661 [main] DEBUG org.apache.camel.impl.RouteService - Shutting down services on route: conectores.servicios.aes.direct
11:38:44.661 [main] DEBUG org.apache.camel.language.simple.SimpleLanguage - Clearing simple language predicate cache[size=0, hits=0, misses=0, evicted=0]
11:38:44.661 [main] DEBUG org.apache.camel.language.simple.SimpleLanguage - Clearing simple language expression cache[size=6, hits=1, misses=6, evicted=0]
11:38:44.661 [main] DEBUG org.apache.camel.impl.DefaultExecutorServiceManager - Forcing shutdown of ExecutorService: org.apache.camel.util.concurrent.RejectableThreadPoolExecutor@2da59753[Running, pool size = 1, active threads = 1, queued tasks = 0, completed tasks = 0][ShutdownTask]
11:38:44.661 [main] DEBUG org.apache.camel.impl.DefaultInflightRepository - Shutting down with no inflight exchanges.
11:38:44.661 [main] DEBUG org.apache.camel.impl.SharedProducerServicePool - Stopping service pool: org.apache.camel.impl.SharedProducerServicePool@20140db9
11:38:44.662 [main] DEBUG org.apache.camel.util.IntrospectionSupport - Clearing cache[size=10, hits=31, misses=10, evicted=0]
11:38:44.662 [main] INFO org.apache.camel.impl.DefaultCamelContext - Apache Camel 2.23.2.fuse-760030-redhat-00001 (CamelContext: camel-2) uptime 1 minute
11:38:44.662 [main] INFO org.apache.camel.impl.DefaultCamelContext - Apache Camel 2.23.2.fuse-760030-redhat-00001 (CamelContext: camel-2) is shutdown in 0.006 seconds
]]></system-out>
  </testcase>
</testsuite>